2021-02-17T14:43:29.1320881+03:30;VSTestExecutionThread;Info;SpecFlow+Runner execution started
2021-02-17T14:43:29.1321732+03:30;VSTestExecutionThread;Info;SpecFlow+Runner 3.6.2 in Framework net50 in x64 mode execution started
2021-02-17T14:43:29.1321767+03:30;VSTestExecutionThread;Info;TestAdapter Location: C:\Hossein\Packages\Test (TDD&BDD)\examples\14-FinalProject\InventoryManagement\tests\Inventory.Tests.E2E\bin\Debug\net5.0\TechTalk.SpecRun.VisualStudio.TestAdapter.dll
2021-02-17T14:43:29.1337269+03:30;VSTestExecutionThread;Info;Current UserName: 'Atriya', MachineName: 'DESKTOP-T7SLA22'
2021-02-17T14:43:29.1660025+03:30;VSTestExecutionThread;Info;SpecRun: running tests in C:\Hossein\Packages\Test (TDD&BDD)\examples\14-FinalProject\InventoryManagement\tests\Inventory.Tests.E2E\bin\Debug\net5.0\Inventory.Tests.E2E.dll
2021-02-17T14:43:29.1662096+03:30;VSTestExecutionThread;Info;Output folder configured to "C:\Hossein\Packages\Test (TDD&BDD)\examples\14-FinalProject\InventoryManagement\TestResults" (default)
2021-02-17T14:43:29.1662643+03:30;VSTestExecutionThread;Info;Profile: 
2021-02-17T14:43:29.8141535+03:30;VSTestExecutionThread;Info;Log file path: C:\Hossein\Packages\Test (TDD&BDD)\examples\14-FinalProject\InventoryManagement\TestResults\Unnamed project__2021-02-17T144329.log
2021-02-17T14:43:29.8309101+03:30;Thread#15;Info;Checking activation
2021-02-17T14:43:29.9392967+03:30;Thread#15;Info;Activated.
2021-02-17T14:43:29.9395190+03:30;Thread#15;Info;Activation check completed
2021-02-17T14:43:29.9395765+03:30;Thread#15;Info;Starting test run
2021-02-17T14:43:30.0969966+03:30;Thread#15;Info;Discovering target: Default
2021-02-17T14:43:30.0971491+03:30;Thread#15;Info;Discovering tests from assembly: C:\Hossein\Packages\Test (TDD&BDD)\examples\14-FinalProject\InventoryManagement\tests\Inventory.Tests.E2E\bin\Debug\net5.0\Inventory.Tests.E2E.dll
2021-02-17T14:43:30.2549322+03:30;Thread#15;Info;Discovered tests from assembly: C:\Hossein\Packages\Test (TDD&BDD)\examples\14-FinalProject\InventoryManagement\tests\Inventory.Tests.E2E\bin\Debug\net5.0\Inventory.Tests.E2E.dll
2021-02-17T14:43:30.2623268+03:30:Test Suite Dump
2021-02-17T14:43:30.2637125+03:30:#0: Unnamed project/ - 
2021-02-17T14:43:30.2637364+03:30:#1: Default - 
2021-02-17T14:43:30.2637388+03:30:#2: Inventory.Tests.E2E - 
2021-02-17T14:43:30.2637418+03:30:#3: Inventory Management - 
2021-02-17T14:43:30.2648729+03:30:#4: Defining New Inventory - TestAssembly:Inventory.Tests.E2E/Feature:Inventory+Management/Scenario:Defining+New+Inventory
2021-02-17T14:43:30.2649419+03:30:End: Test Suite Dump
2021-02-17T14:43:30.2887673+03:30:Thread#0:Scheduler: get next test for thread 0
2021-02-17T14:43:30.2904206+03:30:Thread#:Scheduler: testitem #4 from normal test queue 
2021-02-17T14:43:30.2905314+03:30:Thread#0:Scheduler: considering testitem #4 for thread 0
2021-02-17T14:43:30.2934839+03:30:Thread#0:TestItem#4:testItemMatchesCurrentTestThread:UnSpecific
2021-02-17T14:43:30.2935015+03:30:Thread#0:TestItem#4:runsOnOneOtherThreadSpecific:False
2021-02-17T14:43:30.2935031+03:30:Thread#0:TestItem#4:runsOnOneOtherThreadUnspecific:False
2021-02-17T14:43:30.2935060+03:30:Thread#0:Scheduler: using testitem #4 for thread 0
2021-02-17T14:43:30.2941685+03:30:Thread#0:Scheduler: Test #4 is scheduled for thread
2021-02-17T14:43:30.2954277+03:30:Thread#0:Scheduler: with testItemExecutionIndex 0
2021-02-17T14:43:30.2972567+03:30:Thread #0: creating new test thread executor for Inventory.Tests.E2E, Version=1.0.0.0, Culture=neutral, PublicKeyToken=null (target: Default)
2021-02-17T14:43:30.2991429+03:30:Thread #0: Creating test assembly executor for execution model OutProc
2021-02-17T14:43:30.2993060+03:30:Thread #0: Creating test assembly executor for execution model OutProc
2021-02-17T14:43:30.3071917+03:30:Thread #0: using TechTalk.SpecRun.Framework.Execution.OutOfProc.StreamJsonRPC.OutOfProcessTestAssemblyExecutorHost to execute tests
2021-02-17T14:43:30.3091400+03:30:starting Out Of Process Executor
2021-02-17T14:43:30.3154857+03:30:Assembly resolving Microsoft.VisualStudio.Validation, Version=15.3.0.0, Culture=neutral, PublicKeyToken=b03f5f7f11d50a3a
2021-02-17T14:43:30.3172389+03:30:[AssemblyCache] Trying to resolve 'Microsoft.VisualStudio.Validation' from .deps.json file
2021-02-17T14:43:30.3172477+03:30:[AssemblyCache] Could not resolve 'Microsoft.VisualStudio.Validation' from .deps.json
2021-02-17T14:43:30.3180377+03:30:[AssemblyCache] Trying to resolve 'Microsoft.VisualStudio.Validation' in folder 'C:\Hossein\Packages\Test (TDD&BDD)\examples\14-FinalProject\InventoryManagement\tests\Inventory.Tests.E2E\bin\Debug\net5.0'
2021-02-17T14:43:30.3183210+03:30:[AssemblyCache] Trying to resolve 'Microsoft.VisualStudio.Validation' to 'C:\Hossein\Packages\Test (TDD&BDD)\examples\14-FinalProject\InventoryManagement\tests\Inventory.Tests.E2E\bin\Debug\net5.0\Microsoft.VisualStudio.Validation.dll'
2021-02-17T14:43:30.3183847+03:30:[AssemblyCache] Trying to resolve 'Microsoft.VisualStudio.Validation' to 'C:\Hossein\Packages\Test (TDD&BDD)\examples\14-FinalProject\InventoryManagement\tests\Inventory.Tests.E2E\bin\Debug\net5.0\Microsoft.VisualStudio.Validation.exe'
2021-02-17T14:43:30.3184128+03:30:[AssemblyCache] Could not resolve 'Microsoft.VisualStudio.Validation' in folder 'C:\Hossein\Packages\Test (TDD&BDD)\examples\14-FinalProject\InventoryManagement\tests\Inventory.Tests.E2E\bin\Debug\net5.0'
2021-02-17T14:43:30.3185831+03:30:TargetFramework: .NETCoreApp,Version=v5.0
2021-02-17T14:43:30.3190323+03:30:Tfm: netcoreapp5.0
2021-02-17T14:43:30.3190408+03:30:[AssemblyCache] Trying to resolve 'Microsoft.VisualStudio.Validation' in folder 'C:\Hossein\Packages\Test (TDD&BDD)\examples\14-FinalProject\InventoryManagement\tests\Inventory.Tests.E2E\bin\Debug\net5.0\SpecFlowPlusRunner\netcoreapp5.0'
2021-02-17T14:43:30.3190430+03:30:[AssemblyCache] Trying to resolve 'Microsoft.VisualStudio.Validation' to 'C:\Hossein\Packages\Test (TDD&BDD)\examples\14-FinalProject\InventoryManagement\tests\Inventory.Tests.E2E\bin\Debug\net5.0\SpecFlowPlusRunner\netcoreapp5.0\Microsoft.VisualStudio.Validation.dll'
2021-02-17T14:43:30.3190924+03:30:[AssemblyCache] Trying to resolve 'Microsoft.VisualStudio.Validation' to 'C:\Hossein\Packages\Test (TDD&BDD)\examples\14-FinalProject\InventoryManagement\tests\Inventory.Tests.E2E\bin\Debug\net5.0\SpecFlowPlusRunner\netcoreapp5.0\Microsoft.VisualStudio.Validation.exe'
2021-02-17T14:43:30.3191232+03:30:[AssemblyCache] Could not resolve 'Microsoft.VisualStudio.Validation' in folder 'C:\Hossein\Packages\Test (TDD&BDD)\examples\14-FinalProject\InventoryManagement\tests\Inventory.Tests.E2E\bin\Debug\net5.0\SpecFlowPlusRunner\netcoreapp5.0'
2021-02-17T14:43:30.3242176+03:30:[AssemblyCache] Trying to resolve 'Microsoft.VisualStudio.Validation' in folder 'C:\Program Files\dotnet\shared\Microsoft.AspNetCore.App\5.0.2'
2021-02-17T14:43:30.3242292+03:30:[AssemblyCache] Trying to resolve 'Microsoft.VisualStudio.Validation' to 'C:\Program Files\dotnet\shared\Microsoft.AspNetCore.App\5.0.2\Microsoft.VisualStudio.Validation.dll'
2021-02-17T14:43:30.3242662+03:30:[AssemblyCache] Trying to resolve 'Microsoft.VisualStudio.Validation' to 'C:\Program Files\dotnet\shared\Microsoft.AspNetCore.App\5.0.2\Microsoft.VisualStudio.Validation.exe'
2021-02-17T14:43:30.3242892+03:30:[AssemblyCache] Could not resolve 'Microsoft.VisualStudio.Validation' in folder 'C:\Program Files\dotnet\shared\Microsoft.AspNetCore.App\5.0.2'
2021-02-17T14:43:30.3243825+03:30:[AssemblyCache] Trying to resolve 'Microsoft.VisualStudio.Validation' in folder 'C:\Program Files\dotnet\shared\Microsoft.NETCore.App\5.0.2'
2021-02-17T14:43:30.3243873+03:30:[AssemblyCache] Trying to resolve 'Microsoft.VisualStudio.Validation' to 'C:\Program Files\dotnet\shared\Microsoft.NETCore.App\5.0.2\Microsoft.VisualStudio.Validation.dll'
2021-02-17T14:43:30.3244159+03:30:[AssemblyCache] Trying to resolve 'Microsoft.VisualStudio.Validation' to 'C:\Program Files\dotnet\shared\Microsoft.NETCore.App\5.0.2\Microsoft.VisualStudio.Validation.exe'
2021-02-17T14:43:30.3244375+03:30:[AssemblyCache] Could not resolve 'Microsoft.VisualStudio.Validation' in folder 'C:\Program Files\dotnet\shared\Microsoft.NETCore.App\5.0.2'
2021-02-17T14:43:30.3245304+03:30:[AssemblyCache] Trying to resolve 'Microsoft.VisualStudio.Validation' in folder 'C:\Program Files\dotnet\shared\Microsoft.WindowsDesktop.App\5.0.2'
2021-02-17T14:43:30.3245333+03:30:[AssemblyCache] Trying to resolve 'Microsoft.VisualStudio.Validation' to 'C:\Program Files\dotnet\shared\Microsoft.WindowsDesktop.App\5.0.2\Microsoft.VisualStudio.Validation.dll'
2021-02-17T14:43:30.3245708+03:30:[AssemblyCache] Trying to resolve 'Microsoft.VisualStudio.Validation' to 'C:\Program Files\dotnet\shared\Microsoft.WindowsDesktop.App\5.0.2\Microsoft.VisualStudio.Validation.exe'
2021-02-17T14:43:30.3245939+03:30:[AssemblyCache] Could not resolve 'Microsoft.VisualStudio.Validation' in folder 'C:\Program Files\dotnet\shared\Microsoft.WindowsDesktop.App\5.0.2'
2021-02-17T14:43:30.3308694+03:30:Starting callback TCP Rpc server
2021-02-17T14:43:30.3476723+03:30:Asynchronously starting background TCP Rpc Server on port 32768
2021-02-17T14:43:30.3477349+03:30:Started callback TCP Rpc server on port 32768
2021-02-17T14:43:30.3477376+03:30:Starting logger TCP Rpc server
2021-02-17T14:43:30.3546185+03:30:Asynchronously starting background TCP Rpc Server on port 32769
2021-02-17T14:43:30.3546538+03:30:Started logger TCP Rpc server on port 32769
2021-02-17T14:43:30.4281018+03:30;Thread#15;Info;Executor full path resolved: C:\Program Files\dotnet\dotnet.exe
2021-02-17T14:43:30.4299783+03:30;Thread#15;Info;Starting SpecFlow+ Runner executor process with attached debugger...
2021-02-17T14:43:30.6096664+03:30;Thread#15;Info;Successfully started SpecFlow+ Runner executor process
2021-02-17T14:43:30.6124183+03:30:Out of Process Executor 18612 started
2021-02-17T14:43:30.6124318+03:30:Waiting for endpoint
2021-02-17T14:43:31.1483362+03:30:Assembly resolving Microsoft.VisualStudio.Threading, Version=15.3.0.0, Culture=neutral, PublicKeyToken=b03f5f7f11d50a3a
2021-02-17T14:43:31.1483543+03:30:[AssemblyCache] Trying to resolve 'Microsoft.VisualStudio.Threading' from .deps.json file
2021-02-17T14:43:31.1483601+03:30:[AssemblyCache] Could not resolve 'Microsoft.VisualStudio.Threading' from .deps.json
2021-02-17T14:43:31.1483643+03:30:[AssemblyCache] Trying to resolve 'Microsoft.VisualStudio.Threading' in folder 'C:\Hossein\Packages\Test (TDD&BDD)\examples\14-FinalProject\InventoryManagement\tests\Inventory.Tests.E2E\bin\Debug\net5.0'
2021-02-17T14:43:31.1483662+03:30:[AssemblyCache] Trying to resolve 'Microsoft.VisualStudio.Threading' to 'C:\Hossein\Packages\Test (TDD&BDD)\examples\14-FinalProject\InventoryManagement\tests\Inventory.Tests.E2E\bin\Debug\net5.0\Microsoft.VisualStudio.Threading.dll'
2021-02-17T14:43:31.1483997+03:30:[AssemblyCache] Trying to resolve 'Microsoft.VisualStudio.Threading' to 'C:\Hossein\Packages\Test (TDD&BDD)\examples\14-FinalProject\InventoryManagement\tests\Inventory.Tests.E2E\bin\Debug\net5.0\Microsoft.VisualStudio.Threading.exe'
2021-02-17T14:43:31.1484228+03:30:[AssemblyCache] Could not resolve 'Microsoft.VisualStudio.Threading' in folder 'C:\Hossein\Packages\Test (TDD&BDD)\examples\14-FinalProject\InventoryManagement\tests\Inventory.Tests.E2E\bin\Debug\net5.0'
2021-02-17T14:43:31.1484292+03:30:TargetFramework: .NETCoreApp,Version=v5.0
2021-02-17T14:43:31.1484454+03:30:Tfm: netcoreapp5.0
2021-02-17T14:43:31.1484490+03:30:[AssemblyCache] Trying to resolve 'Microsoft.VisualStudio.Threading' in folder 'C:\Hossein\Packages\Test (TDD&BDD)\examples\14-FinalProject\InventoryManagement\tests\Inventory.Tests.E2E\bin\Debug\net5.0\SpecFlowPlusRunner\netcoreapp5.0'
2021-02-17T14:43:31.1484505+03:30:[AssemblyCache] Trying to resolve 'Microsoft.VisualStudio.Threading' to 'C:\Hossein\Packages\Test (TDD&BDD)\examples\14-FinalProject\InventoryManagement\tests\Inventory.Tests.E2E\bin\Debug\net5.0\SpecFlowPlusRunner\netcoreapp5.0\Microsoft.VisualStudio.Threading.dll'
2021-02-17T14:43:31.1484919+03:30:[AssemblyCache] Trying to resolve 'Microsoft.VisualStudio.Threading' to 'C:\Hossein\Packages\Test (TDD&BDD)\examples\14-FinalProject\InventoryManagement\tests\Inventory.Tests.E2E\bin\Debug\net5.0\SpecFlowPlusRunner\netcoreapp5.0\Microsoft.VisualStudio.Threading.exe'
2021-02-17T14:43:31.1485198+03:30:[AssemblyCache] Could not resolve 'Microsoft.VisualStudio.Threading' in folder 'C:\Hossein\Packages\Test (TDD&BDD)\examples\14-FinalProject\InventoryManagement\tests\Inventory.Tests.E2E\bin\Debug\net5.0\SpecFlowPlusRunner\netcoreapp5.0'
2021-02-17T14:43:31.1489501+03:30:[AssemblyCache] Trying to resolve 'Microsoft.VisualStudio.Threading' in folder 'C:\Program Files\dotnet\shared\Microsoft.AspNetCore.App\5.0.2'
2021-02-17T14:43:31.1489576+03:30:[AssemblyCache] Trying to resolve 'Microsoft.VisualStudio.Threading' to 'C:\Program Files\dotnet\shared\Microsoft.AspNetCore.App\5.0.2\Microsoft.VisualStudio.Threading.dll'
2021-02-17T14:43:31.1489863+03:30:[AssemblyCache] Trying to resolve 'Microsoft.VisualStudio.Threading' to 'C:\Program Files\dotnet\shared\Microsoft.AspNetCore.App\5.0.2\Microsoft.VisualStudio.Threading.exe'
2021-02-17T14:43:31.1490077+03:30:[AssemblyCache] Could not resolve 'Microsoft.VisualStudio.Threading' in folder 'C:\Program Files\dotnet\shared\Microsoft.AspNetCore.App\5.0.2'
2021-02-17T14:43:31.1490885+03:30:[AssemblyCache] Trying to resolve 'Microsoft.VisualStudio.Threading' in folder 'C:\Program Files\dotnet\shared\Microsoft.NETCore.App\5.0.2'
2021-02-17T14:43:31.1490929+03:30:[AssemblyCache] Trying to resolve 'Microsoft.VisualStudio.Threading' to 'C:\Program Files\dotnet\shared\Microsoft.NETCore.App\5.0.2\Microsoft.VisualStudio.Threading.dll'
2021-02-17T14:43:31.1491198+03:30:[AssemblyCache] Trying to resolve 'Microsoft.VisualStudio.Threading' to 'C:\Program Files\dotnet\shared\Microsoft.NETCore.App\5.0.2\Microsoft.VisualStudio.Threading.exe'
2021-02-17T14:43:31.1491420+03:30:[AssemblyCache] Could not resolve 'Microsoft.VisualStudio.Threading' in folder 'C:\Program Files\dotnet\shared\Microsoft.NETCore.App\5.0.2'
2021-02-17T14:43:31.1492498+03:30:[AssemblyCache] Trying to resolve 'Microsoft.VisualStudio.Threading' in folder 'C:\Program Files\dotnet\shared\Microsoft.WindowsDesktop.App\5.0.2'
2021-02-17T14:43:31.1492545+03:30:[AssemblyCache] Trying to resolve 'Microsoft.VisualStudio.Threading' to 'C:\Program Files\dotnet\shared\Microsoft.WindowsDesktop.App\5.0.2\Microsoft.VisualStudio.Threading.dll'
2021-02-17T14:43:31.1492866+03:30:[AssemblyCache] Trying to resolve 'Microsoft.VisualStudio.Threading' to 'C:\Program Files\dotnet\shared\Microsoft.WindowsDesktop.App\5.0.2\Microsoft.VisualStudio.Threading.exe'
2021-02-17T14:43:31.1493089+03:30:[AssemblyCache] Could not resolve 'Microsoft.VisualStudio.Threading' in folder 'C:\Program Files\dotnet\shared\Microsoft.WindowsDesktop.App\5.0.2'
2021-02-17T14:43:31.4594516+03:30:Remote executor port received: 32770
2021-02-17T14:43:31.4597262+03:30:Creating executor TCP client on port 32770
2021-02-17T14:43:31.4600738+03:30:Created executor TCP client on port 32770
2021-02-17T14:43:31.4600810+03:30:Connecting to remote executor TCP server
2021-02-17T14:43:31.4608353+03:30:Connected remote executor TCP server
2021-02-17T14:43:31.4612787+03:30:trying to connect to Out of Process Executor the 1 attempt
2021-02-17T14:43:31.4612859+03:30:Connection to Out of Process Executor established in the 1 attempt
2021-02-17T14:43:31.6130552+03:30:2021-02-17T14:43:31.6117767+03:30:OutOfProcessTestAssemblyExecutor: initialized for C:\Hossein\Packages\Test (TDD&BDD)\examples\14-FinalProject\InventoryManagement\tests\Inventory.Tests.E2E\bin\Debug\net5.0\Inventory.Tests.E2E.dll on test thread #0
2021-02-17T14:43:31.6246829+03:30:Endpoint 18612 started
2021-02-17T14:43:31.6375846+03:30:2021-02-17T14:43:31.6370736+03:30:OutOfProcessTestAssemblyExecutor: running tests...
2021-02-17T14:43:31.7341057+03:30:2021-02-17T14:43:31.7331338+03:30:Assembly resolving TechTalk.SpecFlow, Version=3.6.0.0, Culture=neutral, PublicKeyToken=0778194805d6db41
2021-02-17T14:43:31.7369224+03:30:2021-02-17T14:43:31.7363568+03:30:[AssemblyCache] Trying to resolve 'TechTalk.SpecFlow' from .deps.json file
2021-02-17T14:43:31.7399387+03:30:2021-02-17T14:43:31.7393804+03:30:[AssemblyCache] Resolved 'TechTalk.SpecFlow' to 'C:\Users\Atria\.nuget\packages\specflow\3.6.23\lib\netstandard2.0\TechTalk.SpecFlow.dll'
2021-02-17T14:43:31.8580446+03:30:2021-02-17T14:43:31.8574420+03:30:Thread#0:T:-> Loading plugin C:\Hossein\Packages\Test (TDD&BDD)\examples\14-FinalProject\InventoryManagement\tests\Inventory.Tests.E2E\bin\Debug\net5.0\Inventory.Tests.E2E.dll
2021-02-17T14:43:31.8600114+03:30:2021-02-17T14:43:31.8593057+03:30:Thread#0:T:-> Missing [assembly:RuntimePlugin] attribute in Inventory.Tests.E2E, Version=1.0.0.0, Culture=neutral, PublicKeyToken=null. Please check https://go.specflow.org/doc-plugins for details.
2021-02-17T14:43:31.8608650+03:30:2021-02-17T14:43:31.8605519+03:30:Thread#0:T:-> Loading plugin C:\Hossein\Packages\Test (TDD&BDD)\examples\14-FinalProject\InventoryManagement\tests\Inventory.Tests.E2E\bin\Debug\net5.0\LivingDoc.SpecFlowPlugin.dll
2021-02-17T14:43:31.8687320+03:30:2021-02-17T14:43:31.8681110+03:30:Assembly resolving TechTalk.SpecFlow, Version=3.6.0.0, Culture=neutral, PublicKeyToken=0778194805d6db41
2021-02-17T14:43:31.8719679+03:30:2021-02-17T14:43:31.8713320+03:30:Assembly resolving LivingDoc.Dtos, Version=3.6.0.0, Culture=neutral, PublicKeyToken=null
2021-02-17T14:43:31.8730041+03:30:2021-02-17T14:43:31.8726710+03:30:[AssemblyCache] Trying to resolve 'LivingDoc.Dtos' from .deps.json file
2021-02-17T14:43:31.8812541+03:30:2021-02-17T14:43:31.8806716+03:30:[AssemblyCache] Resolved 'LivingDoc.Dtos' to 'C:\Users\Atria\.nuget\packages\specflow.plus.livingdocplugin\3.6.6\lib\netstandard2.0\LivingDoc.Dtos.dll'
2021-02-17T14:43:31.8900520+03:30:2021-02-17T14:43:31.8895033+03:30:Thread#0:T:-> Loading plugin C:\Hossein\Packages\Test (TDD&BDD)\examples\14-FinalProject\InventoryManagement\tests\Inventory.Tests.E2E\bin\Debug\net5.0\SpecRun.Runtime.SpecFlowPlugin.dll
2021-02-17T14:43:31.8980060+03:30:2021-02-17T14:43:31.8974592+03:30:Assembly resolving TechTalk.SpecFlow, Version=3.6.0.0, Culture=neutral, PublicKeyToken=0778194805d6db41
2021-02-17T14:43:31.9044167+03:30:2021-02-17T14:43:31.9040112+03:30:Thread#0:T:-> Using default config
2021-02-17T14:43:31.9128396+03:30:2021-02-17T14:43:31.9124360+03:30:Assembly resolving Cucumber.Messages, Version=6.0.1.0, Culture=neutral, PublicKeyToken=b10c5988214f940c
2021-02-17T14:43:31.9140782+03:30:2021-02-17T14:43:31.9135570+03:30:[AssemblyCache] Trying to resolve 'Cucumber.Messages' from .deps.json file
2021-02-17T14:43:31.9150123+03:30:2021-02-17T14:43:31.9146504+03:30:[AssemblyCache] Resolved 'Cucumber.Messages' to 'C:\Users\Atria\.nuget\packages\cucumber.messages\6.0.1\lib\netstandard2.0\Cucumber.Messages.dll'
2021-02-17T14:43:31.9230361+03:30:2021-02-17T14:43:31.9223532+03:30:Assembly resolving Google.Protobuf, Version=3.7.0.0, Culture=neutral, PublicKeyToken=a7d26565bac4d604
2021-02-17T14:43:31.9241221+03:30:2021-02-17T14:43:31.9237218+03:30:[AssemblyCache] Trying to resolve 'Google.Protobuf' from .deps.json file
2021-02-17T14:43:31.9253213+03:30:2021-02-17T14:43:31.9248684+03:30:[AssemblyCache] Resolved 'Google.Protobuf' to 'C:\Users\Atria\.nuget\packages\google.protobuf\3.7.0\lib\netstandard1.0\Google.Protobuf.dll'
2021-02-17T14:43:31.9638600+03:30:2021-02-17T14:43:31.9632904+03:30:Assembly resolving Microsoft.VisualStudio.TestPlatform.ObjectModel, Version=15.0.0.0, Culture=neutral, PublicKeyToken=b03f5f7f11d50a3a
2021-02-17T14:43:31.9647530+03:30:2021-02-17T14:43:31.9644180+03:30:[AssemblyCache] Trying to resolve 'Microsoft.VisualStudio.TestPlatform.ObjectModel' from .deps.json file
2021-02-17T14:43:31.9662704+03:30:2021-02-17T14:43:31.9656949+03:30:[AssemblyCache] Resolved 'Microsoft.VisualStudio.TestPlatform.ObjectModel' to 'C:\Users\Atria\.nuget\packages\microsoft.testplatform.objectmodel\16.5.0\lib\netstandard2.0\Microsoft.VisualStudio.TestPlatform.ObjectModel.dll'
2021-02-17T14:43:32.0396026+03:30:2021-02-17T14:43:32.0387366+03:30:Thread#0:T:-> error: The binding methods for before/after feature and before/after test run events must be static! Inventory.Tests.E2E:Inventory.Tests.E2E.Hooks.RunHostHook.StartHost() (0.0s)
2021-02-17T14:43:32.1514072+03:30:2021-02-17T14:43:32.1506842+03:30:OutOfProcessTestAssemblyExecutor: RunTest error: TechTalk.SpecFlow.BindingException: The binding methods for before/after feature and before/after test run events must be static! Inventory.Tests.E2E:Inventory.Tests.E2E.Hooks.RunHostHook.StartHost()
   at TechTalk.SpecFlow.ErrorHandling.ErrorProvider.GetNonStaticEventError(IBindingMethod method) in D:\a\1\s\TechTalk.SpecFlow\ErrorHandling\ErrorProvider.cs:line 128
   at TechTalk.SpecFlow.Bindings.Discovery.RuntimeBindingSourceProcessor.ValidateHook(BindingSourceMethod bindingSourceMethod, BindingSourceAttribute hookAttribute, HookType hookType) in D:\a\1\s\TechTalk.SpecFlow\Bindings\Discovery\RuntimeBindingSourceProcessor.cs:line 54
   at TechTalk.SpecFlow.Bindings.Discovery.BindingSourceProcessor.ProcessHookAttribute(BindingSourceMethod bindingSourceMethod, BindingSourceAttribute hookAttribute, BindingScope scope) in D:\a\1\s\TechTalk.SpecFlow\Bindings\Discovery\BindingSourceProcessor.cs:line 168
   at TechTalk.SpecFlow.Bindings.Discovery.BindingSourceProcessor.<>c__DisplayClass21_0.<ProcessHookAttribute>b__1(BindingScope scope) in D:\a\1\s\TechTalk.SpecFlow\Bindings\Discovery\BindingSourceProcessor.cs:line 149
   at TechTalk.SpecFlow.Bindings.Discovery.BindingSourceProcessor.ApplyForScope(BindingScope[] scopes, Action`1 action) in D:\a\1\s\TechTalk.SpecFlow\Bindings\Discovery\BindingSourceProcessor.cs:line 330
   at TechTalk.SpecFlow.Bindings.Discovery.BindingSourceProcessor.ProcessHookAttribute(BindingSourceMethod bindingSourceMethod, BindingScope[] methodScopes, BindingSourceAttribute hookAttribute) in D:\a\1\s\TechTalk.SpecFlow\Bindings\Discovery\BindingSourceProcessor.cs:line 149
   at TechTalk.SpecFlow.Bindings.Discovery.BindingSourceProcessor.ProcessHooks(BindingSourceMethod bindingSourceMethod, BindingScope[] methodScopes) in D:\a\1\s\TechTalk.SpecFlow\Bindings\Discovery\BindingSourceProcessor.cs:line 123
   at TechTalk.SpecFlow.Bindings.Discovery.BindingSourceProcessor.ProcessMethod(BindingSourceMethod bindingSourceMethod) in D:\a\1\s\TechTalk.SpecFlow\Bindings\Discovery\BindingSourceProcessor.cs:line 107
   at TechTalk.SpecFlow.Bindings.Discovery.RuntimeBindingRegistryBuilder.BuildBindingsFromType(Type type) in D:\a\1\s\TechTalk.SpecFlow\Bindings\Discovery\RuntimeBindingRegistryBuilder.cs:line 49
   at TechTalk.SpecFlow.Bindings.Discovery.RuntimeBindingRegistryBuilder.BuildBindingsFromAssembly(Assembly assembly) in D:\a\1\s\TechTalk.SpecFlow\Bindings\Discovery\RuntimeBindingRegistryBuilder.cs:line 25
   at TechTalk.SpecFlow.TestRunnerManager.BuildBindingRegistry(IEnumerable`1 bindingAssemblies) in D:\a\1\s\TechTalk.SpecFlow\TestRunnerManager.cs:line 94
   at TechTalk.SpecFlow.TestRunnerManager.InitializeBindingRegistry(ITestRunner testRunner) in D:\a\1\s\TechTalk.SpecFlow\TestRunnerManager.cs:line 73
   at TechTalk.SpecFlow.TestRunnerManager.CreateTestRunner(Int32 threadId) in D:\a\1\s\TechTalk.SpecFlow\TestRunnerManager.cs:line 62
   at TechTalk.SpecFlow.TestRunnerManager.GetTestRunnerWithoutExceptionHandling(Int32 threadId) in D:\a\1\s\TechTalk.SpecFlow\TestRunnerManager.cs:line 155
   at TechTalk.SpecFlow.TestRunnerManager.GetTestRunner(Int32 threadId) in D:\a\1\s\TechTalk.SpecFlow\TestRunnerManager.cs:line 136
   at TechTalk.SpecFlow.TestRunnerManager.OnTestRunStart(Assembly testAssembly, IContainerBuilder containerBuilder) in D:\a\1\s\TechTalk.SpecFlow\TestRunnerManager.cs:line 232
   at Inventory_Tests_E2E_SpecFlowPlusRunnerAssemblyHooks.AssemblyInitialize() in C:\Hossein\Packages\Test (TDD&BDD)\examples\14-FinalProject\InventoryManagement\tests\Inventory.Tests.E2E\obj\Debug\net5.0\SpecFlow.Plus.Runner.AssemblyHooks.cs:line 12
   at TechTalk.SpecRun.Framework.TaskExecutors.StaticOrInstanceMethodExecutor.ExecuteInternal(ITestThreadExecutionContext testThreadExecutionContext)
   at TechTalk.SpecRun.Framework.TaskExecutors.StaticOrInstanceMethodExecutor.Execute(ITestThreadExecutionContext testThreadExecutionContext)
   at TechTalk.SpecRun.Framework.TestAssemblyExecutor.RunAssemblyInitializeExecutors(ITestAssemblyExecutorsProvider testAssemblyExecutorsProvider, ITestThreadExecutionContext testThreadExecutionContext)
   at TechTalk.SpecRun.Framework.TestAssemblyExecutor.RunTests(ITestAssemblyExecutorState executorState, ITestAssemblyExecutorsProvider testAssemblyExecutorsProvider, ITestThreadExecutionContext testThreadExecutionContext)
   at TechTalk.SpecRun.Framework.TestAssemblyExecutor.RunTests(TestThreadState testThreadState)
   at TechTalk.SpecRun.Framework.Execution.InProcess.InProcAppDomainTestAssemblyExecutor.RunTests(TestThreadState testThreadState)
   at TechTalk.SpecRun.Framework.Execution.OutOfProcess.OutOfProcessTestAssemblyExecutor.RunTests(TestThreadState testThreadState)
2021-02-17T14:43:32.1694483+03:30:2021-02-17T14:43:32.1690174+03:30:OutOfProcessTestAssemblyExecutorReceiver - Error at RunTests - TechTalk.SpecFlow.BindingException: The binding methods for before/after feature and before/after test run events must be static! Inventory.Tests.E2E:Inventory.Tests.E2E.Hooks.RunHostHook.StartHost()
   at TechTalk.SpecFlow.ErrorHandling.ErrorProvider.GetNonStaticEventError(IBindingMethod method) in D:\a\1\s\TechTalk.SpecFlow\ErrorHandling\ErrorProvider.cs:line 128
   at TechTalk.SpecFlow.Bindings.Discovery.RuntimeBindingSourceProcessor.ValidateHook(BindingSourceMethod bindingSourceMethod, BindingSourceAttribute hookAttribute, HookType hookType) in D:\a\1\s\TechTalk.SpecFlow\Bindings\Discovery\RuntimeBindingSourceProcessor.cs:line 54
   at TechTalk.SpecFlow.Bindings.Discovery.BindingSourceProcessor.ProcessHookAttribute(BindingSourceMethod bindingSourceMethod, BindingSourceAttribute hookAttribute, BindingScope scope) in D:\a\1\s\TechTalk.SpecFlow\Bindings\Discovery\BindingSourceProcessor.cs:line 168
   at TechTalk.SpecFlow.Bindings.Discovery.BindingSourceProcessor.<>c__DisplayClass21_0.<ProcessHookAttribute>b__1(BindingScope scope) in D:\a\1\s\TechTalk.SpecFlow\Bindings\Discovery\BindingSourceProcessor.cs:line 149
   at TechTalk.SpecFlow.Bindings.Discovery.BindingSourceProcessor.ApplyForScope(BindingScope[] scopes, Action`1 action) in D:\a\1\s\TechTalk.SpecFlow\Bindings\Discovery\BindingSourceProcessor.cs:line 330
   at TechTalk.SpecFlow.Bindings.Discovery.BindingSourceProcessor.ProcessHookAttribute(BindingSourceMethod bindingSourceMethod, BindingScope[] methodScopes, BindingSourceAttribute hookAttribute) in D:\a\1\s\TechTalk.SpecFlow\Bindings\Discovery\BindingSourceProcessor.cs:line 149
   at TechTalk.SpecFlow.Bindings.Discovery.BindingSourceProcessor.ProcessHooks(BindingSourceMethod bindingSourceMethod, BindingScope[] methodScopes) in D:\a\1\s\TechTalk.SpecFlow\Bindings\Discovery\BindingSourceProcessor.cs:line 123
   at TechTalk.SpecFlow.Bindings.Discovery.BindingSourceProcessor.ProcessMethod(BindingSourceMethod bindingSourceMethod) in D:\a\1\s\TechTalk.SpecFlow\Bindings\Discovery\BindingSourceProcessor.cs:line 107
   at TechTalk.SpecFlow.Bindings.Discovery.RuntimeBindingRegistryBuilder.BuildBindingsFromType(Type type) in D:\a\1\s\TechTalk.SpecFlow\Bindings\Discovery\RuntimeBindingRegistryBuilder.cs:line 49
   at TechTalk.SpecFlow.Bindings.Discovery.RuntimeBindingRegistryBuilder.BuildBindingsFromAssembly(Assembly assembly) in D:\a\1\s\TechTalk.SpecFlow\Bindings\Discovery\RuntimeBindingRegistryBuilder.cs:line 25
   at TechTalk.SpecFlow.TestRunnerManager.BuildBindingRegistry(IEnumerable`1 bindingAssemblies) in D:\a\1\s\TechTalk.SpecFlow\TestRunnerManager.cs:line 94
   at TechTalk.SpecFlow.TestRunnerManager.InitializeBindingRegistry(ITestRunner testRunner) in D:\a\1\s\TechTalk.SpecFlow\TestRunnerManager.cs:line 73
   at TechTalk.SpecFlow.TestRunnerManager.CreateTestRunner(Int32 threadId) in D:\a\1\s\TechTalk.SpecFlow\TestRunnerManager.cs:line 62
   at TechTalk.SpecFlow.TestRunnerManager.GetTestRunnerWithoutExceptionHandling(Int32 threadId) in D:\a\1\s\TechTalk.SpecFlow\TestRunnerManager.cs:line 155
   at TechTalk.SpecFlow.TestRunnerManager.GetTestRunner(Int32 threadId) in D:\a\1\s\TechTalk.SpecFlow\TestRunnerManager.cs:line 136
   at TechTalk.SpecFlow.TestRunnerManager.OnTestRunStart(Assembly testAssembly, IContainerBuilder containerBuilder) in D:\a\1\s\TechTalk.SpecFlow\TestRunnerManager.cs:line 232
   at Inventory_Tests_E2E_SpecFlowPlusRunnerAssemblyHooks.AssemblyInitialize() in C:\Hossein\Packages\Test (TDD&BDD)\examples\14-FinalProject\InventoryManagement\tests\Inventory.Tests.E2E\obj\Debug\net5.0\SpecFlow.Plus.Runner.AssemblyHooks.cs:line 12
   at TechTalk.SpecRun.Framework.TaskExecutors.StaticOrInstanceMethodExecutor.ExecuteInternal(ITestThreadExecutionContext testThreadExecutionContext)
   at TechTalk.SpecRun.Framework.TaskExecutors.StaticOrInstanceMethodExecutor.Execute(ITestThreadExecutionContext testThreadExecutionContext)
   at TechTalk.SpecRun.Framework.TestAssemblyExecutor.RunAssemblyInitializeExecutors(ITestAssemblyExecutorsProvider testAssemblyExecutorsProvider, ITestThreadExecutionContext testThreadExecutionContext)
   at TechTalk.SpecRun.Framework.TestAssemblyExecutor.RunTests(ITestAssemblyExecutorState executorState, ITestAssemblyExecutorsProvider testAssemblyExecutorsProvider, ITestThreadExecutionContext testThreadExecutionContext)
   at TechTalk.SpecRun.Framework.TestAssemblyExecutor.RunTests(TestThreadState testThreadState)
   at TechTalk.SpecRun.Framework.Execution.InProcess.InProcAppDomainTestAssemblyExecutor.RunTests(TestThreadState testThreadState)
   at TechTalk.SpecRun.Framework.Execution.OutOfProcess.OutOfProcessTestAssemblyExecutor.RunTests(TestThreadState testThreadState)
   at TechTalk.SpecRun.Framework.Execution.OutOfProcess.OutOfProcessTestAssemblyExecutorReceiver.RunTests(TestThreadState testThreadState)
2021-02-17T14:43:32.3264651+03:30:test thread #0 error: StreamJsonRpc.RemoteInvocationException: The binding methods for before/after feature and before/after test run events must be static! Inventory.Tests.E2E:Inventory.Tests.E2E.Hooks.RunHostHook.StartHost()
   at StreamJsonRpc.JsonRpc.InvokeCoreAsync[TResult](Nullable`1 id, String targetName, IReadOnlyList`1 arguments, CancellationToken cancellationToken, Boolean isParameterObject)
   at TechTalk.SpecFlow.Plus.RPC.TcpRpcClient.Invoke[T](String methodName, Object[] parameters)
   at TechTalk.SpecFlow.Plus.RPC.AsyncHelper.RunSync[TResult](Func`1 func)
   at TechTalk.SpecRun.Framework.Execution.OutOfProc.StreamJsonRPC.OutOfProcessTestAssemblyExecutorClient.RunTests(TestThreadState testThreadState)
   at TechTalk.SpecRun.Framework.Execution.OutOfProc.StreamJsonRPC.RemoteExecutor.RunTests(TestThreadState testThreadState)
   at TechTalk.SpecRun.Framework.Execution.OutOfProc.StreamJsonRPC.OutOfProcessTestAssemblyExecutorHost.RunTests(TestThreadState testThreadState)
   at TechTalk.SpecRun.Framework.TestThread.RunNonEmptyTestSuite(CancellationToken cancellationToken, TestThreadState testThreadState)
   at TechTalk.SpecRun.Framework.TestThread.Run(ITestExecutionManager executionManagerForRun, CancellationToken cancellationToken)
   at TechTalk.SpecRun.Framework.AsyncTestThreadRunner.RunSync(TestExecutionManager executionManager, CancellationToken cancellationToken)
2021-02-17T14:43:32.3273763+03:30:test thread error: TechTalk.SpecRun.Framework.SpecRunException: At least one test thread aborted.
 ---> StreamJsonRpc.RemoteInvocationException: The binding methods for before/after feature and before/after test run events must be static! Inventory.Tests.E2E:Inventory.Tests.E2E.Hooks.RunHostHook.StartHost()
   at StreamJsonRpc.JsonRpc.InvokeCoreAsync[TResult](Nullable`1 id, String targetName, IReadOnlyList`1 arguments, CancellationToken cancellationToken, Boolean isParameterObject)
   at TechTalk.SpecFlow.Plus.RPC.TcpRpcClient.Invoke[T](String methodName, Object[] parameters)
   at TechTalk.SpecFlow.Plus.RPC.AsyncHelper.RunSync[TResult](Func`1 func)
   at TechTalk.SpecRun.Framework.Execution.OutOfProc.StreamJsonRPC.OutOfProcessTestAssemblyExecutorClient.RunTests(TestThreadState testThreadState)
   at TechTalk.SpecRun.Framework.Execution.OutOfProc.StreamJsonRPC.RemoteExecutor.RunTests(TestThreadState testThreadState)
   at TechTalk.SpecRun.Framework.Execution.OutOfProc.StreamJsonRPC.OutOfProcessTestAssemblyExecutorHost.RunTests(TestThreadState testThreadState)
   at TechTalk.SpecRun.Framework.TestThread.RunNonEmptyTestSuite(CancellationToken cancellationToken, TestThreadState testThreadState)
   at TechTalk.SpecRun.Framework.TestThread.Run(ITestExecutionManager executionManagerForRun, CancellationToken cancellationToken)
   at TechTalk.SpecRun.Framework.AsyncTestThreadRunner.RunSync(TestExecutionManager executionManager, CancellationToken cancellationToken)
   --- End of inner exception stack trace ---
2021-02-17T14:43:32.3322362+03:30:Thread#-1: Test #4/0 is started on thread #-1
2021-02-17T14:43:32.3335677+03:30:Thread#-1: Test #4/0 is finished on thread #-1 as Skipped within 0.0004503 seconds
2021-02-17T14:43:32.3352042+03:30:Thread#-1:Scheduler: get next test for thread -1
2021-02-17T14:43:32.3352223+03:30:Thread#:Scheduler: at the end of normal test queue
2021-02-17T14:43:32.3352242+03:30:Thread#-1:Scheduler: enumerator for thread is at end
2021-02-17T14:43:32.3593500+03:30;Thread#15;Info;test run finished
2021-02-17T14:43:32.3594295+03:30;Thread#15;Info;publishing test results
2021-02-17T14:43:32.3595420+03:30;Thread#15;Info;Not publishing results.
2021-02-17T14:43:32.3596274+03:30;Thread#15;Info;test results published
2021-02-17T14:43:32.3596699+03:30;Thread#15;Info;generating reports
2021-02-17T14:43:32.6421480+03:30;Thread#15;Error;Newtonsoft.Json.JsonSerializationException thrown during serialization: Newtonsoft.Json.JsonSerializationException: Self referencing loop detected for property 'ManifestModule' with type 'System.Reflection.RuntimeModule'. Path 'Summary.FrameworkErrorException.InnerException.TargetSite.Module.Assembly'.
   at Newtonsoft.Json.Serialization.JsonSerializerInternalWriter.CheckForCircularReference(JsonWriter writer, Object value, JsonProperty property, JsonContract contract, JsonContainerContract containerContract, JsonProperty containerProperty)
   at Newtonsoft.Json.Serialization.JsonSerializerInternalWriter.CalculatePropertyValues(JsonWriter writer, Object value, JsonContainerContract contract, JsonProperty member, JsonProperty property, JsonContract& memberContract, Object& memberValue)
   at Newtonsoft.Json.Serialization.JsonSerializerInternalWriter.SerializeObject(JsonWriter writer, Object value, JsonObjectContract contract, JsonProperty member, JsonContainerContract collectionContract, JsonProperty containerProperty)
   at Newtonsoft.Json.Serialization.JsonSerializerInternalWriter.SerializeObject(JsonWriter writer, Object value, JsonObjectContract contract, JsonProperty member, JsonContainerContract collectionContract, JsonProperty containerProperty)
   at Newtonsoft.Json.Serialization.JsonSerializerInternalWriter.SerializeObject(JsonWriter writer, Object value, JsonObjectContract contract, JsonProperty member, JsonContainerContract collectionContract, JsonProperty containerProperty)
   at Newtonsoft.Json.Serialization.JsonSerializerInternalWriter.SerializeObject(JsonWriter writer, Object value, JsonObjectContract contract, JsonProperty member, JsonContainerContract collectionContract, JsonProperty containerProperty)
   at Newtonsoft.Json.Serialization.JsonSerializerInternalWriter.SerializeObject(JsonWriter writer, Object value, JsonObjectContract contract, JsonProperty member, JsonContainerContract collectionContract, JsonProperty containerProperty)
   at Newtonsoft.Json.Serialization.JsonSerializerInternalWriter.SerializeObject(JsonWriter writer, Object value, JsonObjectContract contract, JsonProperty member, JsonContainerContract collectionContract, JsonProperty containerProperty)
   at Newtonsoft.Json.Serialization.JsonSerializerInternalWriter.SerializeObject(JsonWriter writer, Object value, JsonObjectContract contract, JsonProperty member, JsonContainerContract collectionContract, JsonProperty containerProperty)
   at Newtonsoft.Json.Serialization.JsonSerializerInternalWriter.Serialize(JsonWriter jsonWriter, Object value, Type objectType)
   at Newtonsoft.Json.JsonSerializer.SerializeInternal(JsonWriter jsonWriter, Object value, Type objectType)
   at Newtonsoft.Json.JsonSerializer.Serialize(TextWriter textWriter, Object value)
   at TechTalk.SpecRun.Framework.Services.JsonNetSerializer.Serialize[T](T value, FSharpOption`1 target)
2021-02-17T14:43:32.6423854+03:30;Thread#15;Error;Failed writing reporting data to file "C:\Users\Atria\AppData\Local\Temp\tmp5C76.tmp".
2021-02-17T14:43:32.6485120+03:30;Thread#15;Info;Failed generating reports
2021-02-17T14:43:32.6610057+03:30:Total: 1
2021-02-17T14:43:32.6624047+03:30:Succeeded: 0
2021-02-17T14:43:32.6626572+03:30:Ignored: 0
2021-02-17T14:43:32.6628832+03:30:Pending: 0
2021-02-17T14:43:32.6628878+03:30:Skipped: 1
2021-02-17T14:43:32.6630900+03:30:Failed: 0
2021-02-17T14:43:32.6637984+03:30;VSTestExecutionThread;Info;Adding attachments to VSTest
========== End of log file ==========
