2021-02-17T14:40:30.3295989+03:30;VSTestExecutionThread;Info;SpecFlow+Runner execution started
2021-02-17T14:40:30.3297007+03:30;VSTestExecutionThread;Info;SpecFlow+Runner 3.6.2 in Framework net50 in x64 mode execution started
2021-02-17T14:40:30.3297049+03:30;VSTestExecutionThread;Info;TestAdapter Location: C:\Hossein\Packages\Test (TDD&BDD)\examples\14-FinalProject\InventoryManagement\tests\Inventory.Tests.E2E\bin\Debug\net5.0\TechTalk.SpecRun.VisualStudio.TestAdapter.dll
2021-02-17T14:40:30.3312933+03:30;VSTestExecutionThread;Info;Current UserName: 'Atriya', MachineName: 'DESKTOP-T7SLA22'
2021-02-17T14:40:30.3571604+03:30;VSTestExecutionThread;Info;SpecRun: running tests in C:\Hossein\Packages\Test (TDD&BDD)\examples\14-FinalProject\InventoryManagement\tests\Inventory.Tests.E2E\bin\Debug\net5.0\Inventory.Tests.E2E.dll
2021-02-17T14:40:30.3573374+03:30;VSTestExecutionThread;Info;Output folder configured to "C:\Hossein\Packages\Test (TDD&BDD)\examples\14-FinalProject\InventoryManagement\TestResults" (default)
2021-02-17T14:40:30.3573862+03:30;VSTestExecutionThread;Info;Profile: 
2021-02-17T14:40:31.2423959+03:30;VSTestExecutionThread;Info;Log file path: C:\Hossein\Packages\Test (TDD&BDD)\examples\14-FinalProject\InventoryManagement\TestResults\Unnamed project__2021-02-17T144030.log
2021-02-17T14:40:31.2539646+03:30;Thread#15;Info;Checking activation
2021-02-17T14:40:31.3710643+03:30;Thread#15;Info;Activated.
2021-02-17T14:40:31.3712755+03:30;Thread#15;Info;Activation check completed
2021-02-17T14:40:31.3713403+03:30;Thread#15;Info;Starting test run
2021-02-17T14:40:31.5620308+03:30;Thread#15;Info;Discovering target: Default
2021-02-17T14:40:31.5621632+03:30;Thread#15;Info;Discovering tests from assembly: C:\Hossein\Packages\Test (TDD&BDD)\examples\14-FinalProject\InventoryManagement\tests\Inventory.Tests.E2E\bin\Debug\net5.0\Inventory.Tests.E2E.dll
2021-02-17T14:40:31.6883760+03:30;Thread#15;Info;Discovered tests from assembly: C:\Hossein\Packages\Test (TDD&BDD)\examples\14-FinalProject\InventoryManagement\tests\Inventory.Tests.E2E\bin\Debug\net5.0\Inventory.Tests.E2E.dll
2021-02-17T14:40:31.6890840+03:30:Test Suite Dump
2021-02-17T14:40:31.6903103+03:30:#0: Unnamed project/ - 
2021-02-17T14:40:31.6903235+03:30:#1: Default - 
2021-02-17T14:40:31.6903253+03:30:#2: Inventory.Tests.E2E - 
2021-02-17T14:40:31.6903265+03:30:#3: Inventory Management - 
2021-02-17T14:40:31.6912463+03:30:#4: Defining New Inventory - TestAssembly:Inventory.Tests.E2E/Feature:Inventory+Management/Scenario:Defining+New+Inventory
2021-02-17T14:40:31.6912937+03:30:End: Test Suite Dump
2021-02-17T14:40:31.7034870+03:30:Thread#0:Scheduler: get next test for thread 0
2021-02-17T14:40:31.7048060+03:30:Thread#:Scheduler: testitem #4 from normal test queue 
2021-02-17T14:40:31.7048611+03:30:Thread#0:Scheduler: considering testitem #4 for thread 0
2021-02-17T14:40:31.7070792+03:30:Thread#0:TestItem#4:testItemMatchesCurrentTestThread:UnSpecific
2021-02-17T14:40:31.7070861+03:30:Thread#0:TestItem#4:runsOnOneOtherThreadSpecific:False
2021-02-17T14:40:31.7070876+03:30:Thread#0:TestItem#4:runsOnOneOtherThreadUnspecific:False
2021-02-17T14:40:31.7070894+03:30:Thread#0:Scheduler: using testitem #4 for thread 0
2021-02-17T14:40:31.7075724+03:30:Thread#0:Scheduler: Test #4 is scheduled for thread
2021-02-17T14:40:31.7089191+03:30:Thread#0:Scheduler: with testItemExecutionIndex 0
2021-02-17T14:40:31.7316455+03:30:Thread #0: creating new test thread executor for Inventory.Tests.E2E, Version=1.0.0.0, Culture=neutral, PublicKeyToken=null (target: Default)
2021-02-17T14:40:31.7335246+03:30:Thread #0: Creating test assembly executor for execution model OutProc
2021-02-17T14:40:31.7336706+03:30:Thread #0: Creating test assembly executor for execution model OutProc
2021-02-17T14:40:31.7433729+03:30:Thread #0: using TechTalk.SpecRun.Framework.Execution.OutOfProc.StreamJsonRPC.OutOfProcessTestAssemblyExecutorHost to execute tests
2021-02-17T14:40:31.7462366+03:30:starting Out Of Process Executor
2021-02-17T14:40:31.7566692+03:30:Assembly resolving Microsoft.VisualStudio.Validation, Version=15.3.0.0, Culture=neutral, PublicKeyToken=b03f5f7f11d50a3a
2021-02-17T14:40:31.7584124+03:30:[AssemblyCache] Trying to resolve 'Microsoft.VisualStudio.Validation' from .deps.json file
2021-02-17T14:40:31.7584251+03:30:[AssemblyCache] Could not resolve 'Microsoft.VisualStudio.Validation' from .deps.json
2021-02-17T14:40:31.7591977+03:30:[AssemblyCache] Trying to resolve 'Microsoft.VisualStudio.Validation' in folder 'C:\Hossein\Packages\Test (TDD&BDD)\examples\14-FinalProject\InventoryManagement\tests\Inventory.Tests.E2E\bin\Debug\net5.0'
2021-02-17T14:40:31.7594750+03:30:[AssemblyCache] Trying to resolve 'Microsoft.VisualStudio.Validation' to 'C:\Hossein\Packages\Test (TDD&BDD)\examples\14-FinalProject\InventoryManagement\tests\Inventory.Tests.E2E\bin\Debug\net5.0\Microsoft.VisualStudio.Validation.dll'
2021-02-17T14:40:31.7595297+03:30:[AssemblyCache] Trying to resolve 'Microsoft.VisualStudio.Validation' to 'C:\Hossein\Packages\Test (TDD&BDD)\examples\14-FinalProject\InventoryManagement\tests\Inventory.Tests.E2E\bin\Debug\net5.0\Microsoft.VisualStudio.Validation.exe'
2021-02-17T14:40:31.7595561+03:30:[AssemblyCache] Could not resolve 'Microsoft.VisualStudio.Validation' in folder 'C:\Hossein\Packages\Test (TDD&BDD)\examples\14-FinalProject\InventoryManagement\tests\Inventory.Tests.E2E\bin\Debug\net5.0'
2021-02-17T14:40:31.7597185+03:30:TargetFramework: .NETCoreApp,Version=v5.0
2021-02-17T14:40:31.7605435+03:30:Tfm: netcoreapp5.0
2021-02-17T14:40:31.7605519+03:30:[AssemblyCache] Trying to resolve 'Microsoft.VisualStudio.Validation' in folder 'C:\Hossein\Packages\Test (TDD&BDD)\examples\14-FinalProject\InventoryManagement\tests\Inventory.Tests.E2E\bin\Debug\net5.0\SpecFlowPlusRunner\netcoreapp5.0'
2021-02-17T14:40:31.7605538+03:30:[AssemblyCache] Trying to resolve 'Microsoft.VisualStudio.Validation' to 'C:\Hossein\Packages\Test (TDD&BDD)\examples\14-FinalProject\InventoryManagement\tests\Inventory.Tests.E2E\bin\Debug\net5.0\SpecFlowPlusRunner\netcoreapp5.0\Microsoft.VisualStudio.Validation.dll'
2021-02-17T14:40:31.7606089+03:30:[AssemblyCache] Trying to resolve 'Microsoft.VisualStudio.Validation' to 'C:\Hossein\Packages\Test (TDD&BDD)\examples\14-FinalProject\InventoryManagement\tests\Inventory.Tests.E2E\bin\Debug\net5.0\SpecFlowPlusRunner\netcoreapp5.0\Microsoft.VisualStudio.Validation.exe'
2021-02-17T14:40:31.7606395+03:30:[AssemblyCache] Could not resolve 'Microsoft.VisualStudio.Validation' in folder 'C:\Hossein\Packages\Test (TDD&BDD)\examples\14-FinalProject\InventoryManagement\tests\Inventory.Tests.E2E\bin\Debug\net5.0\SpecFlowPlusRunner\netcoreapp5.0'
2021-02-17T14:40:31.7673288+03:30:[AssemblyCache] Trying to resolve 'Microsoft.VisualStudio.Validation' in folder 'C:\Program Files\dotnet\shared\Microsoft.AspNetCore.App\5.0.2'
2021-02-17T14:40:31.7673419+03:30:[AssemblyCache] Trying to resolve 'Microsoft.VisualStudio.Validation' to 'C:\Program Files\dotnet\shared\Microsoft.AspNetCore.App\5.0.2\Microsoft.VisualStudio.Validation.dll'
2021-02-17T14:40:31.7673772+03:30:[AssemblyCache] Trying to resolve 'Microsoft.VisualStudio.Validation' to 'C:\Program Files\dotnet\shared\Microsoft.AspNetCore.App\5.0.2\Microsoft.VisualStudio.Validation.exe'
2021-02-17T14:40:31.7674048+03:30:[AssemblyCache] Could not resolve 'Microsoft.VisualStudio.Validation' in folder 'C:\Program Files\dotnet\shared\Microsoft.AspNetCore.App\5.0.2'
2021-02-17T14:40:31.7675289+03:30:[AssemblyCache] Trying to resolve 'Microsoft.VisualStudio.Validation' in folder 'C:\Program Files\dotnet\shared\Microsoft.NETCore.App\5.0.2'
2021-02-17T14:40:31.7675347+03:30:[AssemblyCache] Trying to resolve 'Microsoft.VisualStudio.Validation' to 'C:\Program Files\dotnet\shared\Microsoft.NETCore.App\5.0.2\Microsoft.VisualStudio.Validation.dll'
2021-02-17T14:40:31.7675645+03:30:[AssemblyCache] Trying to resolve 'Microsoft.VisualStudio.Validation' to 'C:\Program Files\dotnet\shared\Microsoft.NETCore.App\5.0.2\Microsoft.VisualStudio.Validation.exe'
2021-02-17T14:40:31.7675863+03:30:[AssemblyCache] Could not resolve 'Microsoft.VisualStudio.Validation' in folder 'C:\Program Files\dotnet\shared\Microsoft.NETCore.App\5.0.2'
2021-02-17T14:40:31.7676778+03:30:[AssemblyCache] Trying to resolve 'Microsoft.VisualStudio.Validation' in folder 'C:\Program Files\dotnet\shared\Microsoft.WindowsDesktop.App\5.0.2'
2021-02-17T14:40:31.7676848+03:30:[AssemblyCache] Trying to resolve 'Microsoft.VisualStudio.Validation' to 'C:\Program Files\dotnet\shared\Microsoft.WindowsDesktop.App\5.0.2\Microsoft.VisualStudio.Validation.dll'
2021-02-17T14:40:31.7677171+03:30:[AssemblyCache] Trying to resolve 'Microsoft.VisualStudio.Validation' to 'C:\Program Files\dotnet\shared\Microsoft.WindowsDesktop.App\5.0.2\Microsoft.VisualStudio.Validation.exe'
2021-02-17T14:40:31.7677390+03:30:[AssemblyCache] Could not resolve 'Microsoft.VisualStudio.Validation' in folder 'C:\Program Files\dotnet\shared\Microsoft.WindowsDesktop.App\5.0.2'
2021-02-17T14:40:31.7762004+03:30:Starting callback TCP Rpc server
2021-02-17T14:40:31.7959717+03:30:Asynchronously starting background TCP Rpc Server on port 32768
2021-02-17T14:40:31.7960426+03:30:Started callback TCP Rpc server on port 32768
2021-02-17T14:40:31.7960452+03:30:Starting logger TCP Rpc server
2021-02-17T14:40:31.7976034+03:30:Asynchronously starting background TCP Rpc Server on port 32769
2021-02-17T14:40:31.7976299+03:30:Started logger TCP Rpc server on port 32769
2021-02-17T14:40:31.9021254+03:30;Thread#15;Info;Executor full path resolved: C:\Program Files\dotnet\dotnet.exe
2021-02-17T14:40:31.9043220+03:30;Thread#15;Info;Starting SpecFlow+ Runner executor process with attached debugger...
2021-02-17T14:40:32.0136489+03:30;Thread#15;Info;Successfully started SpecFlow+ Runner executor process
2021-02-17T14:40:32.0182951+03:30:Out of Process Executor 18960 started
2021-02-17T14:40:32.0183102+03:30:Waiting for endpoint
2021-02-17T14:40:32.5546455+03:30:Assembly resolving Microsoft.VisualStudio.Threading, Version=15.3.0.0, Culture=neutral, PublicKeyToken=b03f5f7f11d50a3a
2021-02-17T14:40:32.5546669+03:30:[AssemblyCache] Trying to resolve 'Microsoft.VisualStudio.Threading' from .deps.json file
2021-02-17T14:40:32.5546723+03:30:[AssemblyCache] Could not resolve 'Microsoft.VisualStudio.Threading' from .deps.json
2021-02-17T14:40:32.5546762+03:30:[AssemblyCache] Trying to resolve 'Microsoft.VisualStudio.Threading' in folder 'C:\Hossein\Packages\Test (TDD&BDD)\examples\14-FinalProject\InventoryManagement\tests\Inventory.Tests.E2E\bin\Debug\net5.0'
2021-02-17T14:40:32.5546781+03:30:[AssemblyCache] Trying to resolve 'Microsoft.VisualStudio.Threading' to 'C:\Hossein\Packages\Test (TDD&BDD)\examples\14-FinalProject\InventoryManagement\tests\Inventory.Tests.E2E\bin\Debug\net5.0\Microsoft.VisualStudio.Threading.dll'
2021-02-17T14:40:32.5547123+03:30:[AssemblyCache] Trying to resolve 'Microsoft.VisualStudio.Threading' to 'C:\Hossein\Packages\Test (TDD&BDD)\examples\14-FinalProject\InventoryManagement\tests\Inventory.Tests.E2E\bin\Debug\net5.0\Microsoft.VisualStudio.Threading.exe'
2021-02-17T14:40:32.5547357+03:30:[AssemblyCache] Could not resolve 'Microsoft.VisualStudio.Threading' in folder 'C:\Hossein\Packages\Test (TDD&BDD)\examples\14-FinalProject\InventoryManagement\tests\Inventory.Tests.E2E\bin\Debug\net5.0'
2021-02-17T14:40:32.5547433+03:30:TargetFramework: .NETCoreApp,Version=v5.0
2021-02-17T14:40:32.5547617+03:30:Tfm: netcoreapp5.0
2021-02-17T14:40:32.5547648+03:30:[AssemblyCache] Trying to resolve 'Microsoft.VisualStudio.Threading' in folder 'C:\Hossein\Packages\Test (TDD&BDD)\examples\14-FinalProject\InventoryManagement\tests\Inventory.Tests.E2E\bin\Debug\net5.0\SpecFlowPlusRunner\netcoreapp5.0'
2021-02-17T14:40:32.5547665+03:30:[AssemblyCache] Trying to resolve 'Microsoft.VisualStudio.Threading' to 'C:\Hossein\Packages\Test (TDD&BDD)\examples\14-FinalProject\InventoryManagement\tests\Inventory.Tests.E2E\bin\Debug\net5.0\SpecFlowPlusRunner\netcoreapp5.0\Microsoft.VisualStudio.Threading.dll'
2021-02-17T14:40:32.5548098+03:30:[AssemblyCache] Trying to resolve 'Microsoft.VisualStudio.Threading' to 'C:\Hossein\Packages\Test (TDD&BDD)\examples\14-FinalProject\InventoryManagement\tests\Inventory.Tests.E2E\bin\Debug\net5.0\SpecFlowPlusRunner\netcoreapp5.0\Microsoft.VisualStudio.Threading.exe'
2021-02-17T14:40:32.5548419+03:30:[AssemblyCache] Could not resolve 'Microsoft.VisualStudio.Threading' in folder 'C:\Hossein\Packages\Test (TDD&BDD)\examples\14-FinalProject\InventoryManagement\tests\Inventory.Tests.E2E\bin\Debug\net5.0\SpecFlowPlusRunner\netcoreapp5.0'
2021-02-17T14:40:32.5552633+03:30:[AssemblyCache] Trying to resolve 'Microsoft.VisualStudio.Threading' in folder 'C:\Program Files\dotnet\shared\Microsoft.AspNetCore.App\5.0.2'
2021-02-17T14:40:32.5552697+03:30:[AssemblyCache] Trying to resolve 'Microsoft.VisualStudio.Threading' to 'C:\Program Files\dotnet\shared\Microsoft.AspNetCore.App\5.0.2\Microsoft.VisualStudio.Threading.dll'
2021-02-17T14:40:32.5553000+03:30:[AssemblyCache] Trying to resolve 'Microsoft.VisualStudio.Threading' to 'C:\Program Files\dotnet\shared\Microsoft.AspNetCore.App\5.0.2\Microsoft.VisualStudio.Threading.exe'
2021-02-17T14:40:32.5553211+03:30:[AssemblyCache] Could not resolve 'Microsoft.VisualStudio.Threading' in folder 'C:\Program Files\dotnet\shared\Microsoft.AspNetCore.App\5.0.2'
2021-02-17T14:40:32.5554035+03:30:[AssemblyCache] Trying to resolve 'Microsoft.VisualStudio.Threading' in folder 'C:\Program Files\dotnet\shared\Microsoft.NETCore.App\5.0.2'
2021-02-17T14:40:32.5554081+03:30:[AssemblyCache] Trying to resolve 'Microsoft.VisualStudio.Threading' to 'C:\Program Files\dotnet\shared\Microsoft.NETCore.App\5.0.2\Microsoft.VisualStudio.Threading.dll'
2021-02-17T14:40:32.5554340+03:30:[AssemblyCache] Trying to resolve 'Microsoft.VisualStudio.Threading' to 'C:\Program Files\dotnet\shared\Microsoft.NETCore.App\5.0.2\Microsoft.VisualStudio.Threading.exe'
2021-02-17T14:40:32.5554549+03:30:[AssemblyCache] Could not resolve 'Microsoft.VisualStudio.Threading' in folder 'C:\Program Files\dotnet\shared\Microsoft.NETCore.App\5.0.2'
2021-02-17T14:40:32.5555459+03:30:[AssemblyCache] Trying to resolve 'Microsoft.VisualStudio.Threading' in folder 'C:\Program Files\dotnet\shared\Microsoft.WindowsDesktop.App\5.0.2'
2021-02-17T14:40:32.5555544+03:30:[AssemblyCache] Trying to resolve 'Microsoft.VisualStudio.Threading' to 'C:\Program Files\dotnet\shared\Microsoft.WindowsDesktop.App\5.0.2\Microsoft.VisualStudio.Threading.dll'
2021-02-17T14:40:32.5555880+03:30:[AssemblyCache] Trying to resolve 'Microsoft.VisualStudio.Threading' to 'C:\Program Files\dotnet\shared\Microsoft.WindowsDesktop.App\5.0.2\Microsoft.VisualStudio.Threading.exe'
2021-02-17T14:40:32.5556101+03:30:[AssemblyCache] Could not resolve 'Microsoft.VisualStudio.Threading' in folder 'C:\Program Files\dotnet\shared\Microsoft.WindowsDesktop.App\5.0.2'
2021-02-17T14:40:32.8785289+03:30:Remote executor port received: 32770
2021-02-17T14:40:32.8787997+03:30:Creating executor TCP client on port 32770
2021-02-17T14:40:32.8791319+03:30:Created executor TCP client on port 32770
2021-02-17T14:40:32.8791380+03:30:Connecting to remote executor TCP server
2021-02-17T14:40:32.8798895+03:30:Connected remote executor TCP server
2021-02-17T14:40:32.8803119+03:30:trying to connect to Out of Process Executor the 1 attempt
2021-02-17T14:40:32.8803176+03:30:Connection to Out of Process Executor established in the 1 attempt
2021-02-17T14:40:33.0470577+03:30:2021-02-17T14:40:33.0243846+03:30:OutOfProcessTestAssemblyExecutor: initialized for C:\Hossein\Packages\Test (TDD&BDD)\examples\14-FinalProject\InventoryManagement\tests\Inventory.Tests.E2E\bin\Debug\net5.0\Inventory.Tests.E2E.dll on test thread #0
2021-02-17T14:40:33.0588370+03:30:Endpoint 18960 started
2021-02-17T14:40:33.0719986+03:30:2021-02-17T14:40:33.0715513+03:30:OutOfProcessTestAssemblyExecutor: running tests...
2021-02-17T14:40:33.1790615+03:30:2021-02-17T14:40:33.1700934+03:30:Assembly resolving TechTalk.SpecFlow, Version=3.6.0.0, Culture=neutral, PublicKeyToken=0778194805d6db41
2021-02-17T14:40:33.1821894+03:30:2021-02-17T14:40:33.1816701+03:30:[AssemblyCache] Trying to resolve 'TechTalk.SpecFlow' from .deps.json file
2021-02-17T14:40:33.1850942+03:30:2021-02-17T14:40:33.1846714+03:30:[AssemblyCache] Resolved 'TechTalk.SpecFlow' to 'C:\Users\Atria\.nuget\packages\specflow\3.6.23\lib\netstandard2.0\TechTalk.SpecFlow.dll'
2021-02-17T14:40:33.3076863+03:30:2021-02-17T14:40:33.3071380+03:30:Thread#0:T:-> Loading plugin C:\Hossein\Packages\Test (TDD&BDD)\examples\14-FinalProject\InventoryManagement\tests\Inventory.Tests.E2E\bin\Debug\net5.0\Inventory.Tests.E2E.dll
2021-02-17T14:40:33.3094910+03:30:2021-02-17T14:40:33.3089330+03:30:Thread#0:T:-> Missing [assembly:RuntimePlugin] attribute in Inventory.Tests.E2E, Version=1.0.0.0, Culture=neutral, PublicKeyToken=null. Please check https://go.specflow.org/doc-plugins for details.
2021-02-17T14:40:33.3105871+03:30:2021-02-17T14:40:33.3101818+03:30:Thread#0:T:-> Loading plugin C:\Hossein\Packages\Test (TDD&BDD)\examples\14-FinalProject\InventoryManagement\tests\Inventory.Tests.E2E\bin\Debug\net5.0\LivingDoc.SpecFlowPlugin.dll
2021-02-17T14:40:33.3201495+03:30:2021-02-17T14:40:33.3193240+03:30:Assembly resolving TechTalk.SpecFlow, Version=3.6.0.0, Culture=neutral, PublicKeyToken=0778194805d6db41
2021-02-17T14:40:33.3231439+03:30:2021-02-17T14:40:33.3226381+03:30:Assembly resolving LivingDoc.Dtos, Version=3.6.0.0, Culture=neutral, PublicKeyToken=null
2021-02-17T14:40:33.3320086+03:30:2021-02-17T14:40:33.3314967+03:30:[AssemblyCache] Trying to resolve 'LivingDoc.Dtos' from .deps.json file
2021-02-17T14:40:33.3335599+03:30:2021-02-17T14:40:33.3330658+03:30:[AssemblyCache] Resolved 'LivingDoc.Dtos' to 'C:\Users\Atria\.nuget\packages\specflow.plus.livingdocplugin\3.6.6\lib\netstandard2.0\LivingDoc.Dtos.dll'
2021-02-17T14:40:33.3451161+03:30:2021-02-17T14:40:33.3441144+03:30:Thread#0:T:-> Loading plugin C:\Hossein\Packages\Test (TDD&BDD)\examples\14-FinalProject\InventoryManagement\tests\Inventory.Tests.E2E\bin\Debug\net5.0\SpecRun.Runtime.SpecFlowPlugin.dll
2021-02-17T14:40:33.3539818+03:30:2021-02-17T14:40:33.3534148+03:30:Assembly resolving TechTalk.SpecFlow, Version=3.6.0.0, Culture=neutral, PublicKeyToken=0778194805d6db41
2021-02-17T14:40:33.3606388+03:30:2021-02-17T14:40:33.3600269+03:30:Thread#0:T:-> Using default config
2021-02-17T14:40:33.3700136+03:30:2021-02-17T14:40:33.3693557+03:30:Assembly resolving Cucumber.Messages, Version=6.0.1.0, Culture=neutral, PublicKeyToken=b10c5988214f940c
2021-02-17T14:40:33.3711742+03:30:2021-02-17T14:40:33.3708362+03:30:[AssemblyCache] Trying to resolve 'Cucumber.Messages' from .deps.json file
2021-02-17T14:40:33.3735250+03:30:2021-02-17T14:40:33.3726695+03:30:[AssemblyCache] Resolved 'Cucumber.Messages' to 'C:\Users\Atria\.nuget\packages\cucumber.messages\6.0.1\lib\netstandard2.0\Cucumber.Messages.dll'
2021-02-17T14:40:33.3845777+03:30:2021-02-17T14:40:33.3839275+03:30:Assembly resolving Google.Protobuf, Version=3.7.0.0, Culture=neutral, PublicKeyToken=a7d26565bac4d604
2021-02-17T14:40:33.3857075+03:30:2021-02-17T14:40:33.3852357+03:30:[AssemblyCache] Trying to resolve 'Google.Protobuf' from .deps.json file
2021-02-17T14:40:33.3870210+03:30:2021-02-17T14:40:33.3866317+03:30:[AssemblyCache] Resolved 'Google.Protobuf' to 'C:\Users\Atria\.nuget\packages\google.protobuf\3.7.0\lib\netstandard1.0\Google.Protobuf.dll'
2021-02-17T14:40:33.4329799+03:30:2021-02-17T14:40:33.4324805+03:30:Assembly resolving Microsoft.VisualStudio.TestPlatform.ObjectModel, Version=15.0.0.0, Culture=neutral, PublicKeyToken=b03f5f7f11d50a3a
2021-02-17T14:40:33.4340662+03:30:2021-02-17T14:40:33.4336025+03:30:[AssemblyCache] Trying to resolve 'Microsoft.VisualStudio.TestPlatform.ObjectModel' from .deps.json file
2021-02-17T14:40:33.4357400+03:30:2021-02-17T14:40:33.4353493+03:30:[AssemblyCache] Resolved 'Microsoft.VisualStudio.TestPlatform.ObjectModel' to 'C:\Users\Atria\.nuget\packages\microsoft.testplatform.objectmodel\16.5.0\lib\netstandard2.0\Microsoft.VisualStudio.TestPlatform.ObjectModel.dll'
2021-02-17T14:40:33.5203127+03:30:2021-02-17T14:40:33.5194777+03:30:Thread#0:T:-> error: The binding methods for before/after feature and before/after test run events must be static! Inventory.Tests.E2E:Inventory.Tests.E2E.Hooks.RunHostHook.StartHost() (0.0s)
2021-02-17T14:40:33.6677290+03:30:2021-02-17T14:40:33.6664826+03:30:OutOfProcessTestAssemblyExecutor: RunTest error: TechTalk.SpecFlow.BindingException: The binding methods for before/after feature and before/after test run events must be static! Inventory.Tests.E2E:Inventory.Tests.E2E.Hooks.RunHostHook.StartHost()
   at TechTalk.SpecFlow.ErrorHandling.ErrorProvider.GetNonStaticEventError(IBindingMethod method) in D:\a\1\s\TechTalk.SpecFlow\ErrorHandling\ErrorProvider.cs:line 128
   at TechTalk.SpecFlow.Bindings.Discovery.RuntimeBindingSourceProcessor.ValidateHook(BindingSourceMethod bindingSourceMethod, BindingSourceAttribute hookAttribute, HookType hookType) in D:\a\1\s\TechTalk.SpecFlow\Bindings\Discovery\RuntimeBindingSourceProcessor.cs:line 54
   at TechTalk.SpecFlow.Bindings.Discovery.BindingSourceProcessor.ProcessHookAttribute(BindingSourceMethod bindingSourceMethod, BindingSourceAttribute hookAttribute, BindingScope scope) in D:\a\1\s\TechTalk.SpecFlow\Bindings\Discovery\BindingSourceProcessor.cs:line 168
   at TechTalk.SpecFlow.Bindings.Discovery.BindingSourceProcessor.<>c__DisplayClass21_0.<ProcessHookAttribute>b__1(BindingScope scope) in D:\a\1\s\TechTalk.SpecFlow\Bindings\Discovery\BindingSourceProcessor.cs:line 149
   at TechTalk.SpecFlow.Bindings.Discovery.BindingSourceProcessor.ApplyForScope(BindingScope[] scopes, Action`1 action) in D:\a\1\s\TechTalk.SpecFlow\Bindings\Discovery\BindingSourceProcessor.cs:line 330
   at TechTalk.SpecFlow.Bindings.Discovery.BindingSourceProcessor.ProcessHookAttribute(BindingSourceMethod bindingSourceMethod, BindingScope[] methodScopes, BindingSourceAttribute hookAttribute) in D:\a\1\s\TechTalk.SpecFlow\Bindings\Discovery\BindingSourceProcessor.cs:line 149
   at TechTalk.SpecFlow.Bindings.Discovery.BindingSourceProcessor.ProcessHooks(BindingSourceMethod bindingSourceMethod, BindingScope[] methodScopes) in D:\a\1\s\TechTalk.SpecFlow\Bindings\Discovery\BindingSourceProcessor.cs:line 123
   at TechTalk.SpecFlow.Bindings.Discovery.BindingSourceProcessor.ProcessMethod(BindingSourceMethod bindingSourceMethod) in D:\a\1\s\TechTalk.SpecFlow\Bindings\Discovery\BindingSourceProcessor.cs:line 107
   at TechTalk.SpecFlow.Bindings.Discovery.RuntimeBindingRegistryBuilder.BuildBindingsFromType(Type type) in D:\a\1\s\TechTalk.SpecFlow\Bindings\Discovery\RuntimeBindingRegistryBuilder.cs:line 49
   at TechTalk.SpecFlow.Bindings.Discovery.RuntimeBindingRegistryBuilder.BuildBindingsFromAssembly(Assembly assembly) in D:\a\1\s\TechTalk.SpecFlow\Bindings\Discovery\RuntimeBindingRegistryBuilder.cs:line 25
   at TechTalk.SpecFlow.TestRunnerManager.BuildBindingRegistry(IEnumerable`1 bindingAssemblies) in D:\a\1\s\TechTalk.SpecFlow\TestRunnerManager.cs:line 94
   at TechTalk.SpecFlow.TestRunnerManager.InitializeBindingRegistry(ITestRunner testRunner) in D:\a\1\s\TechTalk.SpecFlow\TestRunnerManager.cs:line 73
   at TechTalk.SpecFlow.TestRunnerManager.CreateTestRunner(Int32 threadId) in D:\a\1\s\TechTalk.SpecFlow\TestRunnerManager.cs:line 62
   at TechTalk.SpecFlow.TestRunnerManager.GetTestRunnerWithoutExceptionHandling(Int32 threadId) in D:\a\1\s\TechTalk.SpecFlow\TestRunnerManager.cs:line 155
   at TechTalk.SpecFlow.TestRunnerManager.GetTestRunner(Int32 threadId) in D:\a\1\s\TechTalk.SpecFlow\TestRunnerManager.cs:line 136
   at TechTalk.SpecFlow.TestRunnerManager.OnTestRunStart(Assembly testAssembly, IContainerBuilder containerBuilder) in D:\a\1\s\TechTalk.SpecFlow\TestRunnerManager.cs:line 232
   at Inventory_Tests_E2E_SpecFlowPlusRunnerAssemblyHooks.AssemblyInitialize() in C:\Hossein\Packages\Test (TDD&BDD)\examples\14-FinalProject\InventoryManagement\tests\Inventory.Tests.E2E\obj\Debug\net5.0\SpecFlow.Plus.Runner.AssemblyHooks.cs:line 12
   at TechTalk.SpecRun.Framework.TaskExecutors.StaticOrInstanceMethodExecutor.ExecuteInternal(ITestThreadExecutionContext testThreadExecutionContext)
   at TechTalk.SpecRun.Framework.TaskExecutors.StaticOrInstanceMethodExecutor.Execute(ITestThreadExecutionContext testThreadExecutionContext)
   at TechTalk.SpecRun.Framework.TestAssemblyExecutor.RunAssemblyInitializeExecutors(ITestAssemblyExecutorsProvider testAssemblyExecutorsProvider, ITestThreadExecutionContext testThreadExecutionContext)
   at TechTalk.SpecRun.Framework.TestAssemblyExecutor.RunTests(ITestAssemblyExecutorState executorState, ITestAssemblyExecutorsProvider testAssemblyExecutorsProvider, ITestThreadExecutionContext testThreadExecutionContext)
   at TechTalk.SpecRun.Framework.TestAssemblyExecutor.RunTests(TestThreadState testThreadState)
   at TechTalk.SpecRun.Framework.Execution.InProcess.InProcAppDomainTestAssemblyExecutor.RunTests(TestThreadState testThreadState)
   at TechTalk.SpecRun.Framework.Execution.OutOfProcess.OutOfProcessTestAssemblyExecutor.RunTests(TestThreadState testThreadState)
2021-02-17T14:40:33.6880763+03:30:2021-02-17T14:40:33.6872243+03:30:OutOfProcessTestAssemblyExecutorReceiver - Error at RunTests - TechTalk.SpecFlow.BindingException: The binding methods for before/after feature and before/after test run events must be static! Inventory.Tests.E2E:Inventory.Tests.E2E.Hooks.RunHostHook.StartHost()
   at TechTalk.SpecFlow.ErrorHandling.ErrorProvider.GetNonStaticEventError(IBindingMethod method) in D:\a\1\s\TechTalk.SpecFlow\ErrorHandling\ErrorProvider.cs:line 128
   at TechTalk.SpecFlow.Bindings.Discovery.RuntimeBindingSourceProcessor.ValidateHook(BindingSourceMethod bindingSourceMethod, BindingSourceAttribute hookAttribute, HookType hookType) in D:\a\1\s\TechTalk.SpecFlow\Bindings\Discovery\RuntimeBindingSourceProcessor.cs:line 54
   at TechTalk.SpecFlow.Bindings.Discovery.BindingSourceProcessor.ProcessHookAttribute(BindingSourceMethod bindingSourceMethod, BindingSourceAttribute hookAttribute, BindingScope scope) in D:\a\1\s\TechTalk.SpecFlow\Bindings\Discovery\BindingSourceProcessor.cs:line 168
   at TechTalk.SpecFlow.Bindings.Discovery.BindingSourceProcessor.<>c__DisplayClass21_0.<ProcessHookAttribute>b__1(BindingScope scope) in D:\a\1\s\TechTalk.SpecFlow\Bindings\Discovery\BindingSourceProcessor.cs:line 149
   at TechTalk.SpecFlow.Bindings.Discovery.BindingSourceProcessor.ApplyForScope(BindingScope[] scopes, Action`1 action) in D:\a\1\s\TechTalk.SpecFlow\Bindings\Discovery\BindingSourceProcessor.cs:line 330
   at TechTalk.SpecFlow.Bindings.Discovery.BindingSourceProcessor.ProcessHookAttribute(BindingSourceMethod bindingSourceMethod, BindingScope[] methodScopes, BindingSourceAttribute hookAttribute) in D:\a\1\s\TechTalk.SpecFlow\Bindings\Discovery\BindingSourceProcessor.cs:line 149
   at TechTalk.SpecFlow.Bindings.Discovery.BindingSourceProcessor.ProcessHooks(BindingSourceMethod bindingSourceMethod, BindingScope[] methodScopes) in D:\a\1\s\TechTalk.SpecFlow\Bindings\Discovery\BindingSourceProcessor.cs:line 123
   at TechTalk.SpecFlow.Bindings.Discovery.BindingSourceProcessor.ProcessMethod(BindingSourceMethod bindingSourceMethod) in D:\a\1\s\TechTalk.SpecFlow\Bindings\Discovery\BindingSourceProcessor.cs:line 107
   at TechTalk.SpecFlow.Bindings.Discovery.RuntimeBindingRegistryBuilder.BuildBindingsFromType(Type type) in D:\a\1\s\TechTalk.SpecFlow\Bindings\Discovery\RuntimeBindingRegistryBuilder.cs:line 49
   at TechTalk.SpecFlow.Bindings.Discovery.RuntimeBindingRegistryBuilder.BuildBindingsFromAssembly(Assembly assembly) in D:\a\1\s\TechTalk.SpecFlow\Bindings\Discovery\RuntimeBindingRegistryBuilder.cs:line 25
   at TechTalk.SpecFlow.TestRunnerManager.BuildBindingRegistry(IEnumerable`1 bindingAssemblies) in D:\a\1\s\TechTalk.SpecFlow\TestRunnerManager.cs:line 94
   at TechTalk.SpecFlow.TestRunnerManager.InitializeBindingRegistry(ITestRunner testRunner) in D:\a\1\s\TechTalk.SpecFlow\TestRunnerManager.cs:line 73
   at TechTalk.SpecFlow.TestRunnerManager.CreateTestRunner(Int32 threadId) in D:\a\1\s\TechTalk.SpecFlow\TestRunnerManager.cs:line 62
   at TechTalk.SpecFlow.TestRunnerManager.GetTestRunnerWithoutExceptionHandling(Int32 threadId) in D:\a\1\s\TechTalk.SpecFlow\TestRunnerManager.cs:line 155
   at TechTalk.SpecFlow.TestRunnerManager.GetTestRunner(Int32 threadId) in D:\a\1\s\TechTalk.SpecFlow\TestRunnerManager.cs:line 136
   at TechTalk.SpecFlow.TestRunnerManager.OnTestRunStart(Assembly testAssembly, IContainerBuilder containerBuilder) in D:\a\1\s\TechTalk.SpecFlow\TestRunnerManager.cs:line 232
   at Inventory_Tests_E2E_SpecFlowPlusRunnerAssemblyHooks.AssemblyInitialize() in C:\Hossein\Packages\Test (TDD&BDD)\examples\14-FinalProject\InventoryManagement\tests\Inventory.Tests.E2E\obj\Debug\net5.0\SpecFlow.Plus.Runner.AssemblyHooks.cs:line 12
   at TechTalk.SpecRun.Framework.TaskExecutors.StaticOrInstanceMethodExecutor.ExecuteInternal(ITestThreadExecutionContext testThreadExecutionContext)
   at TechTalk.SpecRun.Framework.TaskExecutors.StaticOrInstanceMethodExecutor.Execute(ITestThreadExecutionContext testThreadExecutionContext)
   at TechTalk.SpecRun.Framework.TestAssemblyExecutor.RunAssemblyInitializeExecutors(ITestAssemblyExecutorsProvider testAssemblyExecutorsProvider, ITestThreadExecutionContext testThreadExecutionContext)
   at TechTalk.SpecRun.Framework.TestAssemblyExecutor.RunTests(ITestAssemblyExecutorState executorState, ITestAssemblyExecutorsProvider testAssemblyExecutorsProvider, ITestThreadExecutionContext testThreadExecutionContext)
   at TechTalk.SpecRun.Framework.TestAssemblyExecutor.RunTests(TestThreadState testThreadState)
   at TechTalk.SpecRun.Framework.Execution.InProcess.InProcAppDomainTestAssemblyExecutor.RunTests(TestThreadState testThreadState)
   at TechTalk.SpecRun.Framework.Execution.OutOfProcess.OutOfProcessTestAssemblyExecutor.RunTests(TestThreadState testThreadState)
   at TechTalk.SpecRun.Framework.Execution.OutOfProcess.OutOfProcessTestAssemblyExecutorReceiver.RunTests(TestThreadState testThreadState)
2021-02-17T14:40:33.8494668+03:30:test thread #0 error: StreamJsonRpc.RemoteInvocationException: The binding methods for before/after feature and before/after test run events must be static! Inventory.Tests.E2E:Inventory.Tests.E2E.Hooks.RunHostHook.StartHost()
   at StreamJsonRpc.JsonRpc.InvokeCoreAsync[TResult](Nullable`1 id, String targetName, IReadOnlyList`1 arguments, CancellationToken cancellationToken, Boolean isParameterObject)
   at TechTalk.SpecFlow.Plus.RPC.TcpRpcClient.Invoke[T](String methodName, Object[] parameters)
   at TechTalk.SpecFlow.Plus.RPC.AsyncHelper.RunSync[TResult](Func`1 func)
   at TechTalk.SpecRun.Framework.Execution.OutOfProc.StreamJsonRPC.OutOfProcessTestAssemblyExecutorClient.RunTests(TestThreadState testThreadState)
   at TechTalk.SpecRun.Framework.Execution.OutOfProc.StreamJsonRPC.RemoteExecutor.RunTests(TestThreadState testThreadState)
   at TechTalk.SpecRun.Framework.Execution.OutOfProc.StreamJsonRPC.OutOfProcessTestAssemblyExecutorHost.RunTests(TestThreadState testThreadState)
   at TechTalk.SpecRun.Framework.TestThread.RunNonEmptyTestSuite(CancellationToken cancellationToken, TestThreadState testThreadState)
   at TechTalk.SpecRun.Framework.TestThread.Run(ITestExecutionManager executionManagerForRun, CancellationToken cancellationToken)
   at TechTalk.SpecRun.Framework.AsyncTestThreadRunner.RunSync(TestExecutionManager executionManager, CancellationToken cancellationToken)
2021-02-17T14:40:33.8503603+03:30:test thread error: TechTalk.SpecRun.Framework.SpecRunException: At least one test thread aborted.
 ---> StreamJsonRpc.RemoteInvocationException: The binding methods for before/after feature and before/after test run events must be static! Inventory.Tests.E2E:Inventory.Tests.E2E.Hooks.RunHostHook.StartHost()
   at StreamJsonRpc.JsonRpc.InvokeCoreAsync[TResult](Nullable`1 id, String targetName, IReadOnlyList`1 arguments, CancellationToken cancellationToken, Boolean isParameterObject)
   at TechTalk.SpecFlow.Plus.RPC.TcpRpcClient.Invoke[T](String methodName, Object[] parameters)
   at TechTalk.SpecFlow.Plus.RPC.AsyncHelper.RunSync[TResult](Func`1 func)
   at TechTalk.SpecRun.Framework.Execution.OutOfProc.StreamJsonRPC.OutOfProcessTestAssemblyExecutorClient.RunTests(TestThreadState testThreadState)
   at TechTalk.SpecRun.Framework.Execution.OutOfProc.StreamJsonRPC.RemoteExecutor.RunTests(TestThreadState testThreadState)
   at TechTalk.SpecRun.Framework.Execution.OutOfProc.StreamJsonRPC.OutOfProcessTestAssemblyExecutorHost.RunTests(TestThreadState testThreadState)
   at TechTalk.SpecRun.Framework.TestThread.RunNonEmptyTestSuite(CancellationToken cancellationToken, TestThreadState testThreadState)
   at TechTalk.SpecRun.Framework.TestThread.Run(ITestExecutionManager executionManagerForRun, CancellationToken cancellationToken)
   at TechTalk.SpecRun.Framework.AsyncTestThreadRunner.RunSync(TestExecutionManager executionManager, CancellationToken cancellationToken)
   --- End of inner exception stack trace ---
2021-02-17T14:40:33.8550721+03:30:Thread#-1: Test #4/0 is started on thread #-1
2021-02-17T14:40:33.8565009+03:30:Thread#-1: Test #4/0 is finished on thread #-1 as Skipped within 0.0004603 seconds
2021-02-17T14:40:33.8582011+03:30:Thread#-1:Scheduler: get next test for thread -1
2021-02-17T14:40:33.8582184+03:30:Thread#:Scheduler: at the end of normal test queue
2021-02-17T14:40:33.8582204+03:30:Thread#-1:Scheduler: enumerator for thread is at end
2021-02-17T14:40:33.8830162+03:30;Thread#15;Info;test run finished
2021-02-17T14:40:33.8830992+03:30;Thread#15;Info;publishing test results
2021-02-17T14:40:33.8832022+03:30;Thread#15;Info;Not publishing results.
2021-02-17T14:40:33.8832418+03:30;Thread#15;Info;test results published
2021-02-17T14:40:33.8833106+03:30;Thread#15;Info;generating reports
2021-02-17T14:40:34.1640009+03:30;Thread#15;Error;Newtonsoft.Json.JsonSerializationException thrown during serialization: Newtonsoft.Json.JsonSerializationException: Self referencing loop detected for property 'ManifestModule' with type 'System.Reflection.RuntimeModule'. Path 'Summary.FrameworkErrorException.InnerException.TargetSite.Module.Assembly'.
   at Newtonsoft.Json.Serialization.JsonSerializerInternalWriter.CheckForCircularReference(JsonWriter writer, Object value, JsonProperty property, JsonContract contract, JsonContainerContract containerContract, JsonProperty containerProperty)
   at Newtonsoft.Json.Serialization.JsonSerializerInternalWriter.CalculatePropertyValues(JsonWriter writer, Object value, JsonContainerContract contract, JsonProperty member, JsonProperty property, JsonContract& memberContract, Object& memberValue)
   at Newtonsoft.Json.Serialization.JsonSerializerInternalWriter.SerializeObject(JsonWriter writer, Object value, JsonObjectContract contract, JsonProperty member, JsonContainerContract collectionContract, JsonProperty containerProperty)
   at Newtonsoft.Json.Serialization.JsonSerializerInternalWriter.SerializeObject(JsonWriter writer, Object value, JsonObjectContract contract, JsonProperty member, JsonContainerContract collectionContract, JsonProperty containerProperty)
   at Newtonsoft.Json.Serialization.JsonSerializerInternalWriter.SerializeObject(JsonWriter writer, Object value, JsonObjectContract contract, JsonProperty member, JsonContainerContract collectionContract, JsonProperty containerProperty)
   at Newtonsoft.Json.Serialization.JsonSerializerInternalWriter.SerializeObject(JsonWriter writer, Object value, JsonObjectContract contract, JsonProperty member, JsonContainerContract collectionContract, JsonProperty containerProperty)
   at Newtonsoft.Json.Serialization.JsonSerializerInternalWriter.SerializeObject(JsonWriter writer, Object value, JsonObjectContract contract, JsonProperty member, JsonContainerContract collectionContract, JsonProperty containerProperty)
   at Newtonsoft.Json.Serialization.JsonSerializerInternalWriter.SerializeObject(JsonWriter writer, Object value, JsonObjectContract contract, JsonProperty member, JsonContainerContract collectionContract, JsonProperty containerProperty)
   at Newtonsoft.Json.Serialization.JsonSerializerInternalWriter.SerializeObject(JsonWriter writer, Object value, JsonObjectContract contract, JsonProperty member, JsonContainerContract collectionContract, JsonProperty containerProperty)
   at Newtonsoft.Json.Serialization.JsonSerializerInternalWriter.Serialize(JsonWriter jsonWriter, Object value, Type objectType)
   at Newtonsoft.Json.JsonSerializer.SerializeInternal(JsonWriter jsonWriter, Object value, Type objectType)
   at Newtonsoft.Json.JsonSerializer.Serialize(TextWriter textWriter, Object value)
   at TechTalk.SpecRun.Framework.Services.JsonNetSerializer.Serialize[T](T value, FSharpOption`1 target)
2021-02-17T14:40:34.1642131+03:30;Thread#15;Error;Failed writing reporting data to file "C:\Users\Atria\AppData\Local\Temp\tmpA352.tmp".
2021-02-17T14:40:34.1704415+03:30;Thread#15;Info;Failed generating reports
2021-02-17T14:40:34.1836280+03:30:Total: 1
2021-02-17T14:40:34.1851092+03:30:Succeeded: 0
2021-02-17T14:40:34.1853617+03:30:Ignored: 0
2021-02-17T14:40:34.1855790+03:30:Pending: 0
2021-02-17T14:40:34.1855835+03:30:Skipped: 1
2021-02-17T14:40:34.1857907+03:30:Failed: 0
2021-02-17T14:40:34.1866330+03:30;VSTestExecutionThread;Info;Adding attachments to VSTest
========== End of log file ==========
