2021-02-17T14:38:29.6823378+03:30;VSTestExecutionThread;Info;SpecFlow+Runner execution started
2021-02-17T14:38:29.6824872+03:30;VSTestExecutionThread;Info;SpecFlow+Runner 3.6.2 in Framework net50 in x64 mode execution started
2021-02-17T14:38:29.6824909+03:30;VSTestExecutionThread;Info;TestAdapter Location: C:\Hossein\Packages\Test (TDD&BDD)\examples\14-FinalProject\InventoryManagement\tests\Inventory.Tests.E2E\bin\Debug\net5.0\TechTalk.SpecRun.VisualStudio.TestAdapter.dll
2021-02-17T14:38:29.6843905+03:30;VSTestExecutionThread;Info;Current UserName: 'Atriya', MachineName: 'DESKTOP-T7SLA22'
2021-02-17T14:38:29.7059083+03:30;VSTestExecutionThread;Info;SpecRun: running tests in C:\Hossein\Packages\Test (TDD&BDD)\examples\14-FinalProject\InventoryManagement\tests\Inventory.Tests.E2E\bin\Debug\net5.0\Inventory.Tests.E2E.dll
2021-02-17T14:38:29.7060705+03:30;VSTestExecutionThread;Info;Output folder configured to "C:\Hossein\Packages\Test (TDD&BDD)\examples\14-FinalProject\InventoryManagement\TestResults" (default)
2021-02-17T14:38:29.7061138+03:30;VSTestExecutionThread;Info;Profile: 
2021-02-17T14:38:29.7379546+03:30;VSTestExecutionThread;Info;Log file path: C:\Hossein\Packages\Test (TDD&BDD)\examples\14-FinalProject\InventoryManagement\TestResults\Unnamed project__2021-02-17T143829.log
2021-02-17T14:38:29.7419925+03:30;Thread#12;Info;Checking activation
2021-02-17T14:38:29.8038037+03:30;Thread#12;Info;Activated.
2021-02-17T14:38:29.8039771+03:30;Thread#12;Info;Activation check completed
2021-02-17T14:38:29.8040359+03:30;Thread#12;Info;Starting test run
2021-02-17T14:38:29.8643437+03:30;Thread#12;Info;Discovering target: Default
2021-02-17T14:38:29.8644621+03:30;Thread#12;Info;Discovering tests from assembly: C:\Hossein\Packages\Test (TDD&BDD)\examples\14-FinalProject\InventoryManagement\tests\Inventory.Tests.E2E\bin\Debug\net5.0\Inventory.Tests.E2E.dll
2021-02-17T14:38:29.9262965+03:30;Thread#12;Info;Discovered tests from assembly: C:\Hossein\Packages\Test (TDD&BDD)\examples\14-FinalProject\InventoryManagement\tests\Inventory.Tests.E2E\bin\Debug\net5.0\Inventory.Tests.E2E.dll
2021-02-17T14:38:29.9270049+03:30:Test Suite Dump
2021-02-17T14:38:29.9281288+03:30:#0: Unnamed project/ - 
2021-02-17T14:38:29.9281430+03:30:#1: Default - 
2021-02-17T14:38:29.9281448+03:30:#2: Inventory.Tests.E2E - 
2021-02-17T14:38:29.9281460+03:30:#3: Inventory Management - 
2021-02-17T14:38:29.9289203+03:30:#4: Defining New Inventory - TestAssembly:Inventory.Tests.E2E/Feature:Inventory+Management/Scenario:Defining+New+Inventory
2021-02-17T14:38:29.9289613+03:30:End: Test Suite Dump
2021-02-17T14:38:29.9401481+03:30:Thread#0:Scheduler: get next test for thread 0
2021-02-17T14:38:29.9413781+03:30:Thread#:Scheduler: testitem #4 from normal test queue 
2021-02-17T14:38:29.9414258+03:30:Thread#0:Scheduler: considering testitem #4 for thread 0
2021-02-17T14:38:29.9434837+03:30:Thread#0:TestItem#4:testItemMatchesCurrentTestThread:UnSpecific
2021-02-17T14:38:29.9434902+03:30:Thread#0:TestItem#4:runsOnOneOtherThreadSpecific:False
2021-02-17T14:38:29.9434915+03:30:Thread#0:TestItem#4:runsOnOneOtherThreadUnspecific:False
2021-02-17T14:38:29.9434930+03:30:Thread#0:Scheduler: using testitem #4 for thread 0
2021-02-17T14:38:29.9439463+03:30:Thread#0:Scheduler: Test #4 is scheduled for thread
2021-02-17T14:38:29.9449545+03:30:Thread#0:Scheduler: with testItemExecutionIndex 0
2021-02-17T14:38:29.9464969+03:30:Thread #0: creating new test thread executor for Inventory.Tests.E2E, Version=1.0.0.0, Culture=neutral, PublicKeyToken=null (target: Default)
2021-02-17T14:38:29.9481449+03:30:Thread #0: Creating test assembly executor for execution model OutProc
2021-02-17T14:38:29.9482746+03:30:Thread #0: Creating test assembly executor for execution model OutProc
2021-02-17T14:38:29.9710456+03:30:Thread #0: using TechTalk.SpecRun.Framework.Execution.OutOfProc.StreamJsonRPC.OutOfProcessTestAssemblyExecutorHost to execute tests
2021-02-17T14:38:29.9727712+03:30:starting Out Of Process Executor
2021-02-17T14:38:30.0089366+03:30:Assembly resolving Microsoft.VisualStudio.Validation, Version=15.3.0.0, Culture=neutral, PublicKeyToken=b03f5f7f11d50a3a
2021-02-17T14:38:30.0106621+03:30:[AssemblyCache] Trying to resolve 'Microsoft.VisualStudio.Validation' from .deps.json file
2021-02-17T14:38:30.0106715+03:30:[AssemblyCache] Could not resolve 'Microsoft.VisualStudio.Validation' from .deps.json
2021-02-17T14:38:30.0114404+03:30:[AssemblyCache] Trying to resolve 'Microsoft.VisualStudio.Validation' in folder 'C:\Hossein\Packages\Test (TDD&BDD)\examples\14-FinalProject\InventoryManagement\tests\Inventory.Tests.E2E\bin\Debug\net5.0'
2021-02-17T14:38:30.0116856+03:30:[AssemblyCache] Trying to resolve 'Microsoft.VisualStudio.Validation' to 'C:\Hossein\Packages\Test (TDD&BDD)\examples\14-FinalProject\InventoryManagement\tests\Inventory.Tests.E2E\bin\Debug\net5.0\Microsoft.VisualStudio.Validation.dll'
2021-02-17T14:38:30.0117501+03:30:[AssemblyCache] Trying to resolve 'Microsoft.VisualStudio.Validation' to 'C:\Hossein\Packages\Test (TDD&BDD)\examples\14-FinalProject\InventoryManagement\tests\Inventory.Tests.E2E\bin\Debug\net5.0\Microsoft.VisualStudio.Validation.exe'
2021-02-17T14:38:30.0117762+03:30:[AssemblyCache] Could not resolve 'Microsoft.VisualStudio.Validation' in folder 'C:\Hossein\Packages\Test (TDD&BDD)\examples\14-FinalProject\InventoryManagement\tests\Inventory.Tests.E2E\bin\Debug\net5.0'
2021-02-17T14:38:30.0119294+03:30:TargetFramework: .NETCoreApp,Version=v5.0
2021-02-17T14:38:30.0122958+03:30:Tfm: netcoreapp5.0
2021-02-17T14:38:30.0123034+03:30:[AssemblyCache] Trying to resolve 'Microsoft.VisualStudio.Validation' in folder 'C:\Hossein\Packages\Test (TDD&BDD)\examples\14-FinalProject\InventoryManagement\tests\Inventory.Tests.E2E\bin\Debug\net5.0\SpecFlowPlusRunner\netcoreapp5.0'
2021-02-17T14:38:30.0123051+03:30:[AssemblyCache] Trying to resolve 'Microsoft.VisualStudio.Validation' to 'C:\Hossein\Packages\Test (TDD&BDD)\examples\14-FinalProject\InventoryManagement\tests\Inventory.Tests.E2E\bin\Debug\net5.0\SpecFlowPlusRunner\netcoreapp5.0\Microsoft.VisualStudio.Validation.dll'
2021-02-17T14:38:30.0123532+03:30:[AssemblyCache] Trying to resolve 'Microsoft.VisualStudio.Validation' to 'C:\Hossein\Packages\Test (TDD&BDD)\examples\14-FinalProject\InventoryManagement\tests\Inventory.Tests.E2E\bin\Debug\net5.0\SpecFlowPlusRunner\netcoreapp5.0\Microsoft.VisualStudio.Validation.exe'
2021-02-17T14:38:30.0123819+03:30:[AssemblyCache] Could not resolve 'Microsoft.VisualStudio.Validation' in folder 'C:\Hossein\Packages\Test (TDD&BDD)\examples\14-FinalProject\InventoryManagement\tests\Inventory.Tests.E2E\bin\Debug\net5.0\SpecFlowPlusRunner\netcoreapp5.0'
2021-02-17T14:38:30.0176290+03:30:[AssemblyCache] Trying to resolve 'Microsoft.VisualStudio.Validation' in folder 'C:\Program Files\dotnet\shared\Microsoft.AspNetCore.App\5.0.2'
2021-02-17T14:38:30.0176420+03:30:[AssemblyCache] Trying to resolve 'Microsoft.VisualStudio.Validation' to 'C:\Program Files\dotnet\shared\Microsoft.AspNetCore.App\5.0.2\Microsoft.VisualStudio.Validation.dll'
2021-02-17T14:38:30.0176780+03:30:[AssemblyCache] Trying to resolve 'Microsoft.VisualStudio.Validation' to 'C:\Program Files\dotnet\shared\Microsoft.AspNetCore.App\5.0.2\Microsoft.VisualStudio.Validation.exe'
2021-02-17T14:38:30.0176994+03:30:[AssemblyCache] Could not resolve 'Microsoft.VisualStudio.Validation' in folder 'C:\Program Files\dotnet\shared\Microsoft.AspNetCore.App\5.0.2'
2021-02-17T14:38:30.0177905+03:30:[AssemblyCache] Trying to resolve 'Microsoft.VisualStudio.Validation' in folder 'C:\Program Files\dotnet\shared\Microsoft.NETCore.App\5.0.2'
2021-02-17T14:38:30.0177954+03:30:[AssemblyCache] Trying to resolve 'Microsoft.VisualStudio.Validation' to 'C:\Program Files\dotnet\shared\Microsoft.NETCore.App\5.0.2\Microsoft.VisualStudio.Validation.dll'
2021-02-17T14:38:30.0178242+03:30:[AssemblyCache] Trying to resolve 'Microsoft.VisualStudio.Validation' to 'C:\Program Files\dotnet\shared\Microsoft.NETCore.App\5.0.2\Microsoft.VisualStudio.Validation.exe'
2021-02-17T14:38:30.0178446+03:30:[AssemblyCache] Could not resolve 'Microsoft.VisualStudio.Validation' in folder 'C:\Program Files\dotnet\shared\Microsoft.NETCore.App\5.0.2'
2021-02-17T14:38:30.0179343+03:30:[AssemblyCache] Trying to resolve 'Microsoft.VisualStudio.Validation' in folder 'C:\Program Files\dotnet\shared\Microsoft.WindowsDesktop.App\5.0.2'
2021-02-17T14:38:30.0179370+03:30:[AssemblyCache] Trying to resolve 'Microsoft.VisualStudio.Validation' to 'C:\Program Files\dotnet\shared\Microsoft.WindowsDesktop.App\5.0.2\Microsoft.VisualStudio.Validation.dll'
2021-02-17T14:38:30.0179688+03:30:[AssemblyCache] Trying to resolve 'Microsoft.VisualStudio.Validation' to 'C:\Program Files\dotnet\shared\Microsoft.WindowsDesktop.App\5.0.2\Microsoft.VisualStudio.Validation.exe'
2021-02-17T14:38:30.0179905+03:30:[AssemblyCache] Could not resolve 'Microsoft.VisualStudio.Validation' in folder 'C:\Program Files\dotnet\shared\Microsoft.WindowsDesktop.App\5.0.2'
2021-02-17T14:38:30.0198479+03:30:Starting callback TCP Rpc server
2021-02-17T14:38:30.0331757+03:30:Asynchronously starting background TCP Rpc Server on port 32768
2021-02-17T14:38:30.0332064+03:30:Started callback TCP Rpc server on port 32768
2021-02-17T14:38:30.0332082+03:30:Starting logger TCP Rpc server
2021-02-17T14:38:30.0347004+03:30:Asynchronously starting background TCP Rpc Server on port 32769
2021-02-17T14:38:30.0347165+03:30:Started logger TCP Rpc server on port 32769
2021-02-17T14:38:30.1393385+03:30:Executing test executor at 'dotnet' 'exec "C:\Hossein\Packages\Test (TDD&BDD)\examples\14-FinalProject\InventoryManagement\tests\Inventory.Tests.E2E\bin\Debug\net5.0\SpecFlowPlusRunner\net5.0\TechTalk.SpecRun.Framework.Executor.anycpu.net5_0.dll" --remoteRunnerPid 18208 --uniqueId "2021-02-17T143829" --outputFolder "C:\Hossein\Packages\Test (TDD&BDD)\examples\14-FinalProject\InventoryManagement\TestResults" --callbackPort 32768 --loggerPort 32769' in 'C:\Hossein\Packages\Test (TDD&BDD)\examples\14-FinalProject\InventoryManagement\tests\Inventory.Tests.E2E\bin\Debug\net5.0'
2021-02-17T14:38:30.1448528+03:30:Executor with PID 848 has been started successfully.
2021-02-17T14:38:30.1468279+03:30:Out of Process Executor 848 started
2021-02-17T14:38:30.1468389+03:30:Waiting for endpoint
2021-02-17T14:38:30.5377960+03:30:Assembly resolving Microsoft.VisualStudio.Threading, Version=15.3.0.0, Culture=neutral, PublicKeyToken=b03f5f7f11d50a3a
2021-02-17T14:38:30.5378106+03:30:[AssemblyCache] Trying to resolve 'Microsoft.VisualStudio.Threading' from .deps.json file
2021-02-17T14:38:30.5378123+03:30:[AssemblyCache] Could not resolve 'Microsoft.VisualStudio.Threading' from .deps.json
2021-02-17T14:38:30.5378156+03:30:[AssemblyCache] Trying to resolve 'Microsoft.VisualStudio.Threading' in folder 'C:\Hossein\Packages\Test (TDD&BDD)\examples\14-FinalProject\InventoryManagement\tests\Inventory.Tests.E2E\bin\Debug\net5.0'
2021-02-17T14:38:30.5378167+03:30:[AssemblyCache] Trying to resolve 'Microsoft.VisualStudio.Threading' to 'C:\Hossein\Packages\Test (TDD&BDD)\examples\14-FinalProject\InventoryManagement\tests\Inventory.Tests.E2E\bin\Debug\net5.0\Microsoft.VisualStudio.Threading.dll'
2021-02-17T14:38:30.5378451+03:30:[AssemblyCache] Trying to resolve 'Microsoft.VisualStudio.Threading' to 'C:\Hossein\Packages\Test (TDD&BDD)\examples\14-FinalProject\InventoryManagement\tests\Inventory.Tests.E2E\bin\Debug\net5.0\Microsoft.VisualStudio.Threading.exe'
2021-02-17T14:38:30.5378673+03:30:[AssemblyCache] Could not resolve 'Microsoft.VisualStudio.Threading' in folder 'C:\Hossein\Packages\Test (TDD&BDD)\examples\14-FinalProject\InventoryManagement\tests\Inventory.Tests.E2E\bin\Debug\net5.0'
2021-02-17T14:38:30.5378698+03:30:TargetFramework: .NETCoreApp,Version=v5.0
2021-02-17T14:38:30.5378843+03:30:Tfm: netcoreapp5.0
2021-02-17T14:38:30.5378867+03:30:[AssemblyCache] Trying to resolve 'Microsoft.VisualStudio.Threading' in folder 'C:\Hossein\Packages\Test (TDD&BDD)\examples\14-FinalProject\InventoryManagement\tests\Inventory.Tests.E2E\bin\Debug\net5.0\SpecFlowPlusRunner\netcoreapp5.0'
2021-02-17T14:38:30.5378880+03:30:[AssemblyCache] Trying to resolve 'Microsoft.VisualStudio.Threading' to 'C:\Hossein\Packages\Test (TDD&BDD)\examples\14-FinalProject\InventoryManagement\tests\Inventory.Tests.E2E\bin\Debug\net5.0\SpecFlowPlusRunner\netcoreapp5.0\Microsoft.VisualStudio.Threading.dll'
2021-02-17T14:38:30.5379261+03:30:[AssemblyCache] Trying to resolve 'Microsoft.VisualStudio.Threading' to 'C:\Hossein\Packages\Test (TDD&BDD)\examples\14-FinalProject\InventoryManagement\tests\Inventory.Tests.E2E\bin\Debug\net5.0\SpecFlowPlusRunner\netcoreapp5.0\Microsoft.VisualStudio.Threading.exe'
2021-02-17T14:38:30.5379583+03:30:[AssemblyCache] Could not resolve 'Microsoft.VisualStudio.Threading' in folder 'C:\Hossein\Packages\Test (TDD&BDD)\examples\14-FinalProject\InventoryManagement\tests\Inventory.Tests.E2E\bin\Debug\net5.0\SpecFlowPlusRunner\netcoreapp5.0'
2021-02-17T14:38:30.5382898+03:30:[AssemblyCache] Trying to resolve 'Microsoft.VisualStudio.Threading' in folder 'C:\Program Files\dotnet\shared\Microsoft.AspNetCore.App\5.0.2'
2021-02-17T14:38:30.5382985+03:30:[AssemblyCache] Trying to resolve 'Microsoft.VisualStudio.Threading' to 'C:\Program Files\dotnet\shared\Microsoft.AspNetCore.App\5.0.2\Microsoft.VisualStudio.Threading.dll'
2021-02-17T14:38:30.5383258+03:30:[AssemblyCache] Trying to resolve 'Microsoft.VisualStudio.Threading' to 'C:\Program Files\dotnet\shared\Microsoft.AspNetCore.App\5.0.2\Microsoft.VisualStudio.Threading.exe'
2021-02-17T14:38:30.5383459+03:30:[AssemblyCache] Could not resolve 'Microsoft.VisualStudio.Threading' in folder 'C:\Program Files\dotnet\shared\Microsoft.AspNetCore.App\5.0.2'
2021-02-17T14:38:30.5384191+03:30:[AssemblyCache] Trying to resolve 'Microsoft.VisualStudio.Threading' in folder 'C:\Program Files\dotnet\shared\Microsoft.NETCore.App\5.0.2'
2021-02-17T14:38:30.5384231+03:30:[AssemblyCache] Trying to resolve 'Microsoft.VisualStudio.Threading' to 'C:\Program Files\dotnet\shared\Microsoft.NETCore.App\5.0.2\Microsoft.VisualStudio.Threading.dll'
2021-02-17T14:38:30.5384475+03:30:[AssemblyCache] Trying to resolve 'Microsoft.VisualStudio.Threading' to 'C:\Program Files\dotnet\shared\Microsoft.NETCore.App\5.0.2\Microsoft.VisualStudio.Threading.exe'
2021-02-17T14:38:30.5384678+03:30:[AssemblyCache] Could not resolve 'Microsoft.VisualStudio.Threading' in folder 'C:\Program Files\dotnet\shared\Microsoft.NETCore.App\5.0.2'
2021-02-17T14:38:30.5385547+03:30:[AssemblyCache] Trying to resolve 'Microsoft.VisualStudio.Threading' in folder 'C:\Program Files\dotnet\shared\Microsoft.WindowsDesktop.App\5.0.2'
2021-02-17T14:38:30.5385588+03:30:[AssemblyCache] Trying to resolve 'Microsoft.VisualStudio.Threading' to 'C:\Program Files\dotnet\shared\Microsoft.WindowsDesktop.App\5.0.2\Microsoft.VisualStudio.Threading.dll'
2021-02-17T14:38:30.5385887+03:30:[AssemblyCache] Trying to resolve 'Microsoft.VisualStudio.Threading' to 'C:\Program Files\dotnet\shared\Microsoft.WindowsDesktop.App\5.0.2\Microsoft.VisualStudio.Threading.exe'
2021-02-17T14:38:30.5386087+03:30:[AssemblyCache] Could not resolve 'Microsoft.VisualStudio.Threading' in folder 'C:\Program Files\dotnet\shared\Microsoft.WindowsDesktop.App\5.0.2'
2021-02-17T14:38:30.6946532+03:30:Remote executor port received: 32770
2021-02-17T14:38:30.6949254+03:30:Creating executor TCP client on port 32770
2021-02-17T14:38:30.6952296+03:30:Created executor TCP client on port 32770
2021-02-17T14:38:30.6952349+03:30:Connecting to remote executor TCP server
2021-02-17T14:38:30.6958971+03:30:Connected remote executor TCP server
2021-02-17T14:38:30.6960511+03:30:trying to connect to Out of Process Executor the 1 attempt
2021-02-17T14:38:30.6960576+03:30:Connection to Out of Process Executor established in the 1 attempt
2021-02-17T14:38:30.8185519+03:30:2021-02-17T14:38:30.8174769+03:30:OutOfProcessTestAssemblyExecutor: initialized for C:\Hossein\Packages\Test (TDD&BDD)\examples\14-FinalProject\InventoryManagement\tests\Inventory.Tests.E2E\bin\Debug\net5.0\Inventory.Tests.E2E.dll on test thread #0
2021-02-17T14:38:30.8241137+03:30:Endpoint 848 started
2021-02-17T14:38:30.8360168+03:30:2021-02-17T14:38:30.8357650+03:30:OutOfProcessTestAssemblyExecutor: running tests...
2021-02-17T14:38:30.9112239+03:30:2021-02-17T14:38:30.9109034+03:30:Assembly resolving TechTalk.SpecFlow, Version=3.6.0.0, Culture=neutral, PublicKeyToken=0778194805d6db41
2021-02-17T14:38:30.9133899+03:30:2021-02-17T14:38:30.9131427+03:30:[AssemblyCache] Trying to resolve 'TechTalk.SpecFlow' from .deps.json file
2021-02-17T14:38:30.9157332+03:30:2021-02-17T14:38:30.9153813+03:30:[AssemblyCache] Resolved 'TechTalk.SpecFlow' to 'C:\Users\Atria\.nuget\packages\specflow\3.6.23\lib\netstandard2.0\TechTalk.SpecFlow.dll'
2021-02-17T14:38:31.0119230+03:30:2021-02-17T14:38:31.0115583+03:30:Thread#0:T:-> Loading plugin C:\Hossein\Packages\Test (TDD&BDD)\examples\14-FinalProject\InventoryManagement\tests\Inventory.Tests.E2E\bin\Debug\net5.0\Inventory.Tests.E2E.dll
2021-02-17T14:38:31.0128014+03:30:2021-02-17T14:38:31.0125600+03:30:Thread#0:T:-> Missing [assembly:RuntimePlugin] attribute in Inventory.Tests.E2E, Version=1.0.0.0, Culture=neutral, PublicKeyToken=null. Please check https://go.specflow.org/doc-plugins for details.
2021-02-17T14:38:31.0132947+03:30:2021-02-17T14:38:31.0130611+03:30:Thread#0:T:-> Loading plugin C:\Hossein\Packages\Test (TDD&BDD)\examples\14-FinalProject\InventoryManagement\tests\Inventory.Tests.E2E\bin\Debug\net5.0\LivingDoc.SpecFlowPlugin.dll
2021-02-17T14:38:31.0332966+03:30:2021-02-17T14:38:31.0327685+03:30:Assembly resolving TechTalk.SpecFlow, Version=3.6.0.0, Culture=neutral, PublicKeyToken=0778194805d6db41
2021-02-17T14:38:31.0352269+03:30:2021-02-17T14:38:31.0349179+03:30:Assembly resolving LivingDoc.Dtos, Version=3.6.0.0, Culture=neutral, PublicKeyToken=null
2021-02-17T14:38:31.0356678+03:30:2021-02-17T14:38:31.0354196+03:30:[AssemblyCache] Trying to resolve 'LivingDoc.Dtos' from .deps.json file
2021-02-17T14:38:31.0362489+03:30:2021-02-17T14:38:31.0360260+03:30:[AssemblyCache] Resolved 'LivingDoc.Dtos' to 'C:\Users\Atria\.nuget\packages\specflow.plus.livingdocplugin\3.6.6\lib\netstandard2.0\LivingDoc.Dtos.dll'
2021-02-17T14:38:31.0382512+03:30:2021-02-17T14:38:31.0380240+03:30:Thread#0:T:-> Loading plugin C:\Hossein\Packages\Test (TDD&BDD)\examples\14-FinalProject\InventoryManagement\tests\Inventory.Tests.E2E\bin\Debug\net5.0\SpecRun.Runtime.SpecFlowPlugin.dll
2021-02-17T14:38:31.0567143+03:30:2021-02-17T14:38:31.0563374+03:30:Assembly resolving TechTalk.SpecFlow, Version=3.6.0.0, Culture=neutral, PublicKeyToken=0778194805d6db41
2021-02-17T14:38:31.0638083+03:30:2021-02-17T14:38:31.0634387+03:30:Thread#0:T:-> Using default config
2021-02-17T14:38:31.0709332+03:30:2021-02-17T14:38:31.0706674+03:30:Assembly resolving Cucumber.Messages, Version=6.0.1.0, Culture=neutral, PublicKeyToken=b10c5988214f940c
2021-02-17T14:38:31.0714151+03:30:2021-02-17T14:38:31.0711507+03:30:[AssemblyCache] Trying to resolve 'Cucumber.Messages' from .deps.json file
2021-02-17T14:38:31.0721719+03:30:2021-02-17T14:38:31.0718138+03:30:[AssemblyCache] Resolved 'Cucumber.Messages' to 'C:\Users\Atria\.nuget\packages\cucumber.messages\6.0.1\lib\netstandard2.0\Cucumber.Messages.dll'
2021-02-17T14:38:31.0730525+03:30:2021-02-17T14:38:31.0728110+03:30:Assembly resolving Google.Protobuf, Version=3.7.0.0, Culture=neutral, PublicKeyToken=a7d26565bac4d604
2021-02-17T14:38:31.0734081+03:30:2021-02-17T14:38:31.0731992+03:30:[AssemblyCache] Trying to resolve 'Google.Protobuf' from .deps.json file
2021-02-17T14:38:31.0740065+03:30:2021-02-17T14:38:31.0737477+03:30:[AssemblyCache] Resolved 'Google.Protobuf' to 'C:\Users\Atria\.nuget\packages\google.protobuf\3.7.0\lib\netstandard1.0\Google.Protobuf.dll'
2021-02-17T14:38:31.0810468+03:30:2021-02-17T14:38:31.0806459+03:30:Assembly resolving Microsoft.VisualStudio.TestPlatform.ObjectModel, Version=15.0.0.0, Culture=neutral, PublicKeyToken=b03f5f7f11d50a3a
2021-02-17T14:38:31.0816258+03:30:2021-02-17T14:38:31.0813397+03:30:[AssemblyCache] Trying to resolve 'Microsoft.VisualStudio.TestPlatform.ObjectModel' from .deps.json file
2021-02-17T14:38:31.0827762+03:30:2021-02-17T14:38:31.0823262+03:30:[AssemblyCache] Resolved 'Microsoft.VisualStudio.TestPlatform.ObjectModel' to 'C:\Users\Atria\.nuget\packages\microsoft.testplatform.objectmodel\16.5.0\lib\netstandard2.0\Microsoft.VisualStudio.TestPlatform.ObjectModel.dll'
2021-02-17T14:38:31.0999730+03:30:2021-02-17T14:38:31.0995999+03:30:Thread#0:T:-> error: The binding methods for before/after feature and before/after test run events must be static! Inventory.Tests.E2E:Inventory.Tests.E2E.Hooks.RunHostHook.StartHost() (0.0s)
2021-02-17T14:38:31.1221774+03:30:2021-02-17T14:38:31.1216964+03:30:OutOfProcessTestAssemblyExecutor: RunTest error: TechTalk.SpecFlow.BindingException: The binding methods for before/after feature and before/after test run events must be static! Inventory.Tests.E2E:Inventory.Tests.E2E.Hooks.RunHostHook.StartHost()
   at TechTalk.SpecFlow.ErrorHandling.ErrorProvider.GetNonStaticEventError(IBindingMethod method) in D:\a\1\s\TechTalk.SpecFlow\ErrorHandling\ErrorProvider.cs:line 128
   at TechTalk.SpecFlow.Bindings.Discovery.RuntimeBindingSourceProcessor.ValidateHook(BindingSourceMethod bindingSourceMethod, BindingSourceAttribute hookAttribute, HookType hookType) in D:\a\1\s\TechTalk.SpecFlow\Bindings\Discovery\RuntimeBindingSourceProcessor.cs:line 54
   at TechTalk.SpecFlow.Bindings.Discovery.BindingSourceProcessor.ProcessHookAttribute(BindingSourceMethod bindingSourceMethod, BindingSourceAttribute hookAttribute, BindingScope scope) in D:\a\1\s\TechTalk.SpecFlow\Bindings\Discovery\BindingSourceProcessor.cs:line 168
   at TechTalk.SpecFlow.Bindings.Discovery.BindingSourceProcessor.<>c__DisplayClass21_0.<ProcessHookAttribute>b__1(BindingScope scope) in D:\a\1\s\TechTalk.SpecFlow\Bindings\Discovery\BindingSourceProcessor.cs:line 149
   at TechTalk.SpecFlow.Bindings.Discovery.BindingSourceProcessor.ApplyForScope(BindingScope[] scopes, Action`1 action) in D:\a\1\s\TechTalk.SpecFlow\Bindings\Discovery\BindingSourceProcessor.cs:line 330
   at TechTalk.SpecFlow.Bindings.Discovery.BindingSourceProcessor.ProcessHookAttribute(BindingSourceMethod bindingSourceMethod, BindingScope[] methodScopes, BindingSourceAttribute hookAttribute) in D:\a\1\s\TechTalk.SpecFlow\Bindings\Discovery\BindingSourceProcessor.cs:line 149
   at TechTalk.SpecFlow.Bindings.Discovery.BindingSourceProcessor.ProcessHooks(BindingSourceMethod bindingSourceMethod, BindingScope[] methodScopes) in D:\a\1\s\TechTalk.SpecFlow\Bindings\Discovery\BindingSourceProcessor.cs:line 123
   at TechTalk.SpecFlow.Bindings.Discovery.BindingSourceProcessor.ProcessMethod(BindingSourceMethod bindingSourceMethod) in D:\a\1\s\TechTalk.SpecFlow\Bindings\Discovery\BindingSourceProcessor.cs:line 107
   at TechTalk.SpecFlow.Bindings.Discovery.RuntimeBindingRegistryBuilder.BuildBindingsFromType(Type type) in D:\a\1\s\TechTalk.SpecFlow\Bindings\Discovery\RuntimeBindingRegistryBuilder.cs:line 49
   at TechTalk.SpecFlow.Bindings.Discovery.RuntimeBindingRegistryBuilder.BuildBindingsFromAssembly(Assembly assembly) in D:\a\1\s\TechTalk.SpecFlow\Bindings\Discovery\RuntimeBindingRegistryBuilder.cs:line 25
   at TechTalk.SpecFlow.TestRunnerManager.BuildBindingRegistry(IEnumerable`1 bindingAssemblies) in D:\a\1\s\TechTalk.SpecFlow\TestRunnerManager.cs:line 94
   at TechTalk.SpecFlow.TestRunnerManager.InitializeBindingRegistry(ITestRunner testRunner) in D:\a\1\s\TechTalk.SpecFlow\TestRunnerManager.cs:line 73
   at TechTalk.SpecFlow.TestRunnerManager.CreateTestRunner(Int32 threadId) in D:\a\1\s\TechTalk.SpecFlow\TestRunnerManager.cs:line 62
   at TechTalk.SpecFlow.TestRunnerManager.GetTestRunnerWithoutExceptionHandling(Int32 threadId) in D:\a\1\s\TechTalk.SpecFlow\TestRunnerManager.cs:line 155
   at TechTalk.SpecFlow.TestRunnerManager.GetTestRunner(Int32 threadId) in D:\a\1\s\TechTalk.SpecFlow\TestRunnerManager.cs:line 136
   at TechTalk.SpecFlow.TestRunnerManager.OnTestRunStart(Assembly testAssembly, IContainerBuilder containerBuilder) in D:\a\1\s\TechTalk.SpecFlow\TestRunnerManager.cs:line 232
   at Inventory_Tests_E2E_SpecFlowPlusRunnerAssemblyHooks.AssemblyInitialize() in C:\Hossein\Packages\Test (TDD&BDD)\examples\14-FinalProject\InventoryManagement\tests\Inventory.Tests.E2E\obj\Debug\net5.0\SpecFlow.Plus.Runner.AssemblyHooks.cs:line 12
   at TechTalk.SpecRun.Framework.TaskExecutors.StaticOrInstanceMethodExecutor.ExecuteInternal(ITestThreadExecutionContext testThreadExecutionContext)
   at TechTalk.SpecRun.Framework.TaskExecutors.StaticOrInstanceMethodExecutor.Execute(ITestThreadExecutionContext testThreadExecutionContext)
   at TechTalk.SpecRun.Framework.TestAssemblyExecutor.RunAssemblyInitializeExecutors(ITestAssemblyExecutorsProvider testAssemblyExecutorsProvider, ITestThreadExecutionContext testThreadExecutionContext)
   at TechTalk.SpecRun.Framework.TestAssemblyExecutor.RunTests(ITestAssemblyExecutorState executorState, ITestAssemblyExecutorsProvider testAssemblyExecutorsProvider, ITestThreadExecutionContext testThreadExecutionContext)
   at TechTalk.SpecRun.Framework.TestAssemblyExecutor.RunTests(TestThreadState testThreadState)
   at TechTalk.SpecRun.Framework.Execution.InProcess.InProcAppDomainTestAssemblyExecutor.RunTests(TestThreadState testThreadState)
   at TechTalk.SpecRun.Framework.Execution.OutOfProcess.OutOfProcessTestAssemblyExecutor.RunTests(TestThreadState testThreadState)
2021-02-17T14:38:31.1287859+03:30:2021-02-17T14:38:31.1225668+03:30:OutOfProcessTestAssemblyExecutorReceiver - Error at RunTests - TechTalk.SpecFlow.BindingException: The binding methods for before/after feature and before/after test run events must be static! Inventory.Tests.E2E:Inventory.Tests.E2E.Hooks.RunHostHook.StartHost()
   at TechTalk.SpecFlow.ErrorHandling.ErrorProvider.GetNonStaticEventError(IBindingMethod method) in D:\a\1\s\TechTalk.SpecFlow\ErrorHandling\ErrorProvider.cs:line 128
   at TechTalk.SpecFlow.Bindings.Discovery.RuntimeBindingSourceProcessor.ValidateHook(BindingSourceMethod bindingSourceMethod, BindingSourceAttribute hookAttribute, HookType hookType) in D:\a\1\s\TechTalk.SpecFlow\Bindings\Discovery\RuntimeBindingSourceProcessor.cs:line 54
   at TechTalk.SpecFlow.Bindings.Discovery.BindingSourceProcessor.ProcessHookAttribute(BindingSourceMethod bindingSourceMethod, BindingSourceAttribute hookAttribute, BindingScope scope) in D:\a\1\s\TechTalk.SpecFlow\Bindings\Discovery\BindingSourceProcessor.cs:line 168
   at TechTalk.SpecFlow.Bindings.Discovery.BindingSourceProcessor.<>c__DisplayClass21_0.<ProcessHookAttribute>b__1(BindingScope scope) in D:\a\1\s\TechTalk.SpecFlow\Bindings\Discovery\BindingSourceProcessor.cs:line 149
   at TechTalk.SpecFlow.Bindings.Discovery.BindingSourceProcessor.ApplyForScope(BindingScope[] scopes, Action`1 action) in D:\a\1\s\TechTalk.SpecFlow\Bindings\Discovery\BindingSourceProcessor.cs:line 330
   at TechTalk.SpecFlow.Bindings.Discovery.BindingSourceProcessor.ProcessHookAttribute(BindingSourceMethod bindingSourceMethod, BindingScope[] methodScopes, BindingSourceAttribute hookAttribute) in D:\a\1\s\TechTalk.SpecFlow\Bindings\Discovery\BindingSourceProcessor.cs:line 149
   at TechTalk.SpecFlow.Bindings.Discovery.BindingSourceProcessor.ProcessHooks(BindingSourceMethod bindingSourceMethod, BindingScope[] methodScopes) in D:\a\1\s\TechTalk.SpecFlow\Bindings\Discovery\BindingSourceProcessor.cs:line 123
   at TechTalk.SpecFlow.Bindings.Discovery.BindingSourceProcessor.ProcessMethod(BindingSourceMethod bindingSourceMethod) in D:\a\1\s\TechTalk.SpecFlow\Bindings\Discovery\BindingSourceProcessor.cs:line 107
   at TechTalk.SpecFlow.Bindings.Discovery.RuntimeBindingRegistryBuilder.BuildBindingsFromType(Type type) in D:\a\1\s\TechTalk.SpecFlow\Bindings\Discovery\RuntimeBindingRegistryBuilder.cs:line 49
   at TechTalk.SpecFlow.Bindings.Discovery.RuntimeBindingRegistryBuilder.BuildBindingsFromAssembly(Assembly assembly) in D:\a\1\s\TechTalk.SpecFlow\Bindings\Discovery\RuntimeBindingRegistryBuilder.cs:line 25
   at TechTalk.SpecFlow.TestRunnerManager.BuildBindingRegistry(IEnumerable`1 bindingAssemblies) in D:\a\1\s\TechTalk.SpecFlow\TestRunnerManager.cs:line 94
   at TechTalk.SpecFlow.TestRunnerManager.InitializeBindingRegistry(ITestRunner testRunner) in D:\a\1\s\TechTalk.SpecFlow\TestRunnerManager.cs:line 73
   at TechTalk.SpecFlow.TestRunnerManager.CreateTestRunner(Int32 threadId) in D:\a\1\s\TechTalk.SpecFlow\TestRunnerManager.cs:line 62
   at TechTalk.SpecFlow.TestRunnerManager.GetTestRunnerWithoutExceptionHandling(Int32 threadId) in D:\a\1\s\TechTalk.SpecFlow\TestRunnerManager.cs:line 155
   at TechTalk.SpecFlow.TestRunnerManager.GetTestRunner(Int32 threadId) in D:\a\1\s\TechTalk.SpecFlow\TestRunnerManager.cs:line 136
   at TechTalk.SpecFlow.TestRunnerManager.OnTestRunStart(Assembly testAssembly, IContainerBuilder containerBuilder) in D:\a\1\s\TechTalk.SpecFlow\TestRunnerManager.cs:line 232
   at Inventory_Tests_E2E_SpecFlowPlusRunnerAssemblyHooks.AssemblyInitialize() in C:\Hossein\Packages\Test (TDD&BDD)\examples\14-FinalProject\InventoryManagement\tests\Inventory.Tests.E2E\obj\Debug\net5.0\SpecFlow.Plus.Runner.AssemblyHooks.cs:line 12
   at TechTalk.SpecRun.Framework.TaskExecutors.StaticOrInstanceMethodExecutor.ExecuteInternal(ITestThreadExecutionContext testThreadExecutionContext)
   at TechTalk.SpecRun.Framework.TaskExecutors.StaticOrInstanceMethodExecutor.Execute(ITestThreadExecutionContext testThreadExecutionContext)
   at TechTalk.SpecRun.Framework.TestAssemblyExecutor.RunAssemblyInitializeExecutors(ITestAssemblyExecutorsProvider testAssemblyExecutorsProvider, ITestThreadExecutionContext testThreadExecutionContext)
   at TechTalk.SpecRun.Framework.TestAssemblyExecutor.RunTests(ITestAssemblyExecutorState executorState, ITestAssemblyExecutorsProvider testAssemblyExecutorsProvider, ITestThreadExecutionContext testThreadExecutionContext)
   at TechTalk.SpecRun.Framework.TestAssemblyExecutor.RunTests(TestThreadState testThreadState)
   at TechTalk.SpecRun.Framework.Execution.InProcess.InProcAppDomainTestAssemblyExecutor.RunTests(TestThreadState testThreadState)
   at TechTalk.SpecRun.Framework.Execution.OutOfProcess.OutOfProcessTestAssemblyExecutor.RunTests(TestThreadState testThreadState)
   at TechTalk.SpecRun.Framework.Execution.OutOfProcess.OutOfProcessTestAssemblyExecutorReceiver.RunTests(TestThreadState testThreadState)
2021-02-17T14:38:31.1459678+03:30:test thread #0 error: StreamJsonRpc.RemoteInvocationException: The binding methods for before/after feature and before/after test run events must be static! Inventory.Tests.E2E:Inventory.Tests.E2E.Hooks.RunHostHook.StartHost()
   at StreamJsonRpc.JsonRpc.InvokeCoreAsync[TResult](Nullable`1 id, String targetName, IReadOnlyList`1 arguments, CancellationToken cancellationToken, Boolean isParameterObject)
   at TechTalk.SpecFlow.Plus.RPC.TcpRpcClient.Invoke[T](String methodName, Object[] parameters)
   at TechTalk.SpecFlow.Plus.RPC.AsyncHelper.RunSync[TResult](Func`1 func)
   at TechTalk.SpecRun.Framework.Execution.OutOfProc.StreamJsonRPC.OutOfProcessTestAssemblyExecutorClient.RunTests(TestThreadState testThreadState)
   at TechTalk.SpecRun.Framework.Execution.OutOfProc.StreamJsonRPC.RemoteExecutor.RunTests(TestThreadState testThreadState)
   at TechTalk.SpecRun.Framework.Execution.OutOfProc.StreamJsonRPC.OutOfProcessTestAssemblyExecutorHost.RunTests(TestThreadState testThreadState)
   at TechTalk.SpecRun.Framework.TestThread.RunNonEmptyTestSuite(CancellationToken cancellationToken, TestThreadState testThreadState)
   at TechTalk.SpecRun.Framework.TestThread.Run(ITestExecutionManager executionManagerForRun, CancellationToken cancellationToken)
   at TechTalk.SpecRun.Framework.AsyncTestThreadRunner.RunSync(TestExecutionManager executionManager, CancellationToken cancellationToken)
2021-02-17T14:38:31.1468219+03:30:test thread error: TechTalk.SpecRun.Framework.SpecRunException: At least one test thread aborted.
 ---> StreamJsonRpc.RemoteInvocationException: The binding methods for before/after feature and before/after test run events must be static! Inventory.Tests.E2E:Inventory.Tests.E2E.Hooks.RunHostHook.StartHost()
   at StreamJsonRpc.JsonRpc.InvokeCoreAsync[TResult](Nullable`1 id, String targetName, IReadOnlyList`1 arguments, CancellationToken cancellationToken, Boolean isParameterObject)
   at TechTalk.SpecFlow.Plus.RPC.TcpRpcClient.Invoke[T](String methodName, Object[] parameters)
   at TechTalk.SpecFlow.Plus.RPC.AsyncHelper.RunSync[TResult](Func`1 func)
   at TechTalk.SpecRun.Framework.Execution.OutOfProc.StreamJsonRPC.OutOfProcessTestAssemblyExecutorClient.RunTests(TestThreadState testThreadState)
   at TechTalk.SpecRun.Framework.Execution.OutOfProc.StreamJsonRPC.RemoteExecutor.RunTests(TestThreadState testThreadState)
   at TechTalk.SpecRun.Framework.Execution.OutOfProc.StreamJsonRPC.OutOfProcessTestAssemblyExecutorHost.RunTests(TestThreadState testThreadState)
   at TechTalk.SpecRun.Framework.TestThread.RunNonEmptyTestSuite(CancellationToken cancellationToken, TestThreadState testThreadState)
   at TechTalk.SpecRun.Framework.TestThread.Run(ITestExecutionManager executionManagerForRun, CancellationToken cancellationToken)
   at TechTalk.SpecRun.Framework.AsyncTestThreadRunner.RunSync(TestExecutionManager executionManager, CancellationToken cancellationToken)
   --- End of inner exception stack trace ---
2021-02-17T14:38:31.1513135+03:30:Thread#-1: Test #4/0 is started on thread #-1
2021-02-17T14:38:31.1526139+03:30:Thread#-1: Test #4/0 is finished on thread #-1 as Skipped within 0.0005376 seconds
2021-02-17T14:38:31.1541681+03:30:Thread#-1:Scheduler: get next test for thread -1
2021-02-17T14:38:31.1541915+03:30:Thread#:Scheduler: at the end of normal test queue
2021-02-17T14:38:31.1541942+03:30:Thread#-1:Scheduler: enumerator for thread is at end
2021-02-17T14:38:31.1801445+03:30;Thread#12;Info;test run finished
2021-02-17T14:38:31.1802357+03:30;Thread#12;Info;publishing test results
2021-02-17T14:38:31.1803644+03:30;Thread#12;Info;Not publishing results.
2021-02-17T14:38:31.1804467+03:30;Thread#12;Info;test results published
2021-02-17T14:38:31.1804817+03:30;Thread#12;Info;generating reports
2021-02-17T14:38:31.2934297+03:30;Thread#12;Error;Newtonsoft.Json.JsonSerializationException thrown during serialization: Newtonsoft.Json.JsonSerializationException: Self referencing loop detected for property 'ManifestModule' with type 'System.Reflection.RuntimeModule'. Path 'Summary.FrameworkErrorException.InnerException.TargetSite.Module.Assembly'.
   at Newtonsoft.Json.Serialization.JsonSerializerInternalWriter.CheckForCircularReference(JsonWriter writer, Object value, JsonProperty property, JsonContract contract, JsonContainerContract containerContract, JsonProperty containerProperty)
   at Newtonsoft.Json.Serialization.JsonSerializerInternalWriter.CalculatePropertyValues(JsonWriter writer, Object value, JsonContainerContract contract, JsonProperty member, JsonProperty property, JsonContract& memberContract, Object& memberValue)
   at Newtonsoft.Json.Serialization.JsonSerializerInternalWriter.SerializeObject(JsonWriter writer, Object value, JsonObjectContract contract, JsonProperty member, JsonContainerContract collectionContract, JsonProperty containerProperty)
   at Newtonsoft.Json.Serialization.JsonSerializerInternalWriter.SerializeValue(JsonWriter writer, Object value, JsonContract valueContract, JsonProperty member, JsonContainerContract containerContract, JsonProperty containerProperty)
   at Newtonsoft.Json.Serialization.JsonSerializerInternalWriter.SerializeObject(JsonWriter writer, Object value, JsonObjectContract contract, JsonProperty member, JsonContainerContract collectionContract, JsonProperty containerProperty)
   at Newtonsoft.Json.Serialization.JsonSerializerInternalWriter.SerializeValue(JsonWriter writer, Object value, JsonContract valueContract, JsonProperty member, JsonContainerContract containerContract, JsonProperty containerProperty)
   at Newtonsoft.Json.Serialization.JsonSerializerInternalWriter.SerializeObject(JsonWriter writer, Object value, JsonObjectContract contract, JsonProperty member, JsonContainerContract collectionContract, JsonProperty containerProperty)
   at Newtonsoft.Json.Serialization.JsonSerializerInternalWriter.SerializeValue(JsonWriter writer, Object value, JsonContract valueContract, JsonProperty member, JsonContainerContract containerContract, JsonProperty containerProperty)
   at Newtonsoft.Json.Serialization.JsonSerializerInternalWriter.SerializeObject(JsonWriter writer, Object value, JsonObjectContract contract, JsonProperty member, JsonContainerContract collectionContract, JsonProperty containerProperty)
   at Newtonsoft.Json.Serialization.JsonSerializerInternalWriter.SerializeValue(JsonWriter writer, Object value, JsonContract valueContract, JsonProperty member, JsonContainerContract containerContract, JsonProperty containerProperty)
   at Newtonsoft.Json.Serialization.JsonSerializerInternalWriter.SerializeObject(JsonWriter writer, Object value, JsonObjectContract contract, JsonProperty member, JsonContainerContract collectionContract, JsonProperty containerProperty)
   at Newtonsoft.Json.Serialization.JsonSerializerInternalWriter.SerializeValue(JsonWriter writer, Object value, JsonContract valueContract, JsonProperty member, JsonContainerContract containerContract, JsonProperty containerProperty)
   at Newtonsoft.Json.Serialization.JsonSerializerInternalWriter.SerializeObject(JsonWriter writer, Object value, JsonObjectContract contract, JsonProperty member, JsonContainerContract collectionContract, JsonProperty containerProperty)
   at Newtonsoft.Json.Serialization.JsonSerializerInternalWriter.SerializeValue(JsonWriter writer, Object value, JsonContract valueContract, JsonProperty member, JsonContainerContract containerContract, JsonProperty containerProperty)
   at Newtonsoft.Json.Serialization.JsonSerializerInternalWriter.SerializeObject(JsonWriter writer, Object value, JsonObjectContract contract, JsonProperty member, JsonContainerContract collectionContract, JsonProperty containerProperty)
   at Newtonsoft.Json.Serialization.JsonSerializerInternalWriter.SerializeValue(JsonWriter writer, Object value, JsonContract valueContract, JsonProperty member, JsonContainerContract containerContract, JsonProperty containerProperty)
   at Newtonsoft.Json.Serialization.JsonSerializerInternalWriter.Serialize(JsonWriter jsonWriter, Object value, Type objectType)
   at Newtonsoft.Json.JsonSerializer.SerializeInternal(JsonWriter jsonWriter, Object value, Type objectType)
   at Newtonsoft.Json.JsonSerializer.Serialize(JsonWriter jsonWriter, Object value)
   at Newtonsoft.Json.JsonSerializer.Serialize(TextWriter textWriter, Object value)
   at TechTalk.SpecRun.Framework.Services.JsonNetSerializer.Serialize[T](T value, FSharpOption`1 target)
2021-02-17T14:38:31.2936873+03:30;Thread#12;Error;Failed writing reporting data to file "C:\Users\Atria\AppData\Local\Temp\tmpC403.tmp".
2021-02-17T14:38:31.2999876+03:30;Thread#12;Info;Failed generating reports
2021-02-17T14:38:31.3044488+03:30:Total: 1
2021-02-17T14:38:31.3057423+03:30:Succeeded: 0
2021-02-17T14:38:31.3060210+03:30:Ignored: 0
2021-02-17T14:38:31.3063415+03:30:Pending: 0
2021-02-17T14:38:31.3063497+03:30:Skipped: 1
2021-02-17T14:38:31.3065558+03:30:Failed: 0
2021-02-17T14:38:31.3073095+03:30;VSTestExecutionThread;Info;Adding attachments to VSTest
========== End of log file ==========
