2021-02-17T14:12:57.4534477+03:30;VSTestExecutionThread;Info;SpecFlow+Runner execution started
2021-02-17T14:12:57.4535468+03:30;VSTestExecutionThread;Info;SpecFlow+Runner 3.6.2 in Framework net50 in x64 mode execution started
2021-02-17T14:12:57.4535513+03:30;VSTestExecutionThread;Info;TestAdapter Location: C:\Hossein\Packages\Test (TDD&BDD)\examples\14-FinalProject\InventoryManagement\tests\Inventory.Tests.E2E\bin\Debug\net5.0\TechTalk.SpecRun.VisualStudio.TestAdapter.dll
2021-02-17T14:12:57.4549918+03:30;VSTestExecutionThread;Info;Current UserName: 'Atriya', MachineName: 'DESKTOP-T7SLA22'
2021-02-17T14:12:57.4802021+03:30;VSTestExecutionThread;Info;SpecRun: running tests in C:\Hossein\Packages\Test (TDD&BDD)\examples\14-FinalProject\InventoryManagement\tests\Inventory.Tests.E2E\bin\Debug\net5.0\Inventory.Tests.E2E.dll
2021-02-17T14:12:57.4803850+03:30;VSTestExecutionThread;Info;Output folder configured to "C:\Hossein\Packages\Test (TDD&BDD)\examples\14-FinalProject\InventoryManagement\TestResults" (default)
2021-02-17T14:12:57.4804353+03:30;VSTestExecutionThread;Info;Profile: 
2021-02-17T14:12:58.1389513+03:30;VSTestExecutionThread;Info;Log file path: C:\Hossein\Packages\Test (TDD&BDD)\examples\14-FinalProject\InventoryManagement\TestResults\Unnamed project__2021-02-17T141257.log
2021-02-17T14:12:58.1501078+03:30;Thread#15;Info;Checking activation
2021-02-17T14:12:58.2696580+03:30;Thread#15;Info;Activated.
2021-02-17T14:12:58.2698916+03:30;Thread#15;Info;Activation check completed
2021-02-17T14:12:58.2699574+03:30;Thread#15;Info;Starting test run
2021-02-17T14:12:58.4430128+03:30;Thread#15;Info;Discovering target: Default
2021-02-17T14:12:58.4432060+03:30;Thread#15;Info;Discovering tests from assembly: C:\Hossein\Packages\Test (TDD&BDD)\examples\14-FinalProject\InventoryManagement\tests\Inventory.Tests.E2E\bin\Debug\net5.0\Inventory.Tests.E2E.dll
2021-02-17T14:12:58.5749197+03:30;Thread#15;Info;Discovered tests from assembly: C:\Hossein\Packages\Test (TDD&BDD)\examples\14-FinalProject\InventoryManagement\tests\Inventory.Tests.E2E\bin\Debug\net5.0\Inventory.Tests.E2E.dll
2021-02-17T14:12:58.5758223+03:30:Test Suite Dump
2021-02-17T14:12:58.5773003+03:30:#0: Unnamed project/ - 
2021-02-17T14:12:58.5773226+03:30:#1: Default - 
2021-02-17T14:12:58.5773249+03:30:#2: Inventory.Tests.E2E - 
2021-02-17T14:12:58.5773264+03:30:#3: Inventory Management - 
2021-02-17T14:12:58.5784210+03:30:#4: Defining New Inventory - TestAssembly:Inventory.Tests.E2E/Feature:Inventory+Management/Scenario:Defining+New+Inventory
2021-02-17T14:12:58.5784790+03:30:End: Test Suite Dump
2021-02-17T14:12:58.5966332+03:30:Thread#0:Scheduler: get next test for thread 0
2021-02-17T14:12:58.5980175+03:30:Thread#:Scheduler: testitem #4 from normal test queue 
2021-02-17T14:12:58.5980788+03:30:Thread#0:Scheduler: considering testitem #4 for thread 0
2021-02-17T14:12:58.6006072+03:30:Thread#0:TestItem#4:testItemMatchesCurrentTestThread:UnSpecific
2021-02-17T14:12:58.6006188+03:30:Thread#0:TestItem#4:runsOnOneOtherThreadSpecific:False
2021-02-17T14:12:58.6006203+03:30:Thread#0:TestItem#4:runsOnOneOtherThreadUnspecific:False
2021-02-17T14:12:58.6006245+03:30:Thread#0:Scheduler: using testitem #4 for thread 0
2021-02-17T14:12:58.6011750+03:30:Thread#0:Scheduler: Test #4 is scheduled for thread
2021-02-17T14:12:58.6025608+03:30:Thread#0:Scheduler: with testItemExecutionIndex 0
2021-02-17T14:12:58.6044989+03:30:Thread #0: creating new test thread executor for Inventory.Tests.E2E, Version=1.0.0.0, Culture=neutral, PublicKeyToken=null (target: Default)
2021-02-17T14:12:58.6118947+03:30:Thread #0: Creating test assembly executor for execution model OutProc
2021-02-17T14:12:58.6120641+03:30:Thread #0: Creating test assembly executor for execution model OutProc
2021-02-17T14:12:58.6192259+03:30:Thread #0: using TechTalk.SpecRun.Framework.Execution.OutOfProc.StreamJsonRPC.OutOfProcessTestAssemblyExecutorHost to execute tests
2021-02-17T14:12:58.6261057+03:30:starting Out Of Process Executor
2021-02-17T14:12:58.6331492+03:30:Assembly resolving Microsoft.VisualStudio.Validation, Version=15.3.0.0, Culture=neutral, PublicKeyToken=b03f5f7f11d50a3a
2021-02-17T14:12:58.6350087+03:30:[AssemblyCache] Trying to resolve 'Microsoft.VisualStudio.Validation' from .deps.json file
2021-02-17T14:12:58.6350239+03:30:[AssemblyCache] Could not resolve 'Microsoft.VisualStudio.Validation' from .deps.json
2021-02-17T14:12:58.6358881+03:30:[AssemblyCache] Trying to resolve 'Microsoft.VisualStudio.Validation' in folder 'C:\Hossein\Packages\Test (TDD&BDD)\examples\14-FinalProject\InventoryManagement\tests\Inventory.Tests.E2E\bin\Debug\net5.0'
2021-02-17T14:12:58.6363304+03:30:[AssemblyCache] Trying to resolve 'Microsoft.VisualStudio.Validation' to 'C:\Hossein\Packages\Test (TDD&BDD)\examples\14-FinalProject\InventoryManagement\tests\Inventory.Tests.E2E\bin\Debug\net5.0\Microsoft.VisualStudio.Validation.dll'
2021-02-17T14:12:58.6364441+03:30:[AssemblyCache] Trying to resolve 'Microsoft.VisualStudio.Validation' to 'C:\Hossein\Packages\Test (TDD&BDD)\examples\14-FinalProject\InventoryManagement\tests\Inventory.Tests.E2E\bin\Debug\net5.0\Microsoft.VisualStudio.Validation.exe'
2021-02-17T14:12:58.6364769+03:30:[AssemblyCache] Could not resolve 'Microsoft.VisualStudio.Validation' in folder 'C:\Hossein\Packages\Test (TDD&BDD)\examples\14-FinalProject\InventoryManagement\tests\Inventory.Tests.E2E\bin\Debug\net5.0'
2021-02-17T14:12:58.6366939+03:30:TargetFramework: .NETCoreApp,Version=v5.0
2021-02-17T14:12:58.6372797+03:30:Tfm: netcoreapp5.0
2021-02-17T14:12:58.6372920+03:30:[AssemblyCache] Trying to resolve 'Microsoft.VisualStudio.Validation' in folder 'C:\Hossein\Packages\Test (TDD&BDD)\examples\14-FinalProject\InventoryManagement\tests\Inventory.Tests.E2E\bin\Debug\net5.0\SpecFlowPlusRunner\netcoreapp5.0'
2021-02-17T14:12:58.6372947+03:30:[AssemblyCache] Trying to resolve 'Microsoft.VisualStudio.Validation' to 'C:\Hossein\Packages\Test (TDD&BDD)\examples\14-FinalProject\InventoryManagement\tests\Inventory.Tests.E2E\bin\Debug\net5.0\SpecFlowPlusRunner\netcoreapp5.0\Microsoft.VisualStudio.Validation.dll'
2021-02-17T14:12:58.6373649+03:30:[AssemblyCache] Trying to resolve 'Microsoft.VisualStudio.Validation' to 'C:\Hossein\Packages\Test (TDD&BDD)\examples\14-FinalProject\InventoryManagement\tests\Inventory.Tests.E2E\bin\Debug\net5.0\SpecFlowPlusRunner\netcoreapp5.0\Microsoft.VisualStudio.Validation.exe'
2021-02-17T14:12:58.6374009+03:30:[AssemblyCache] Could not resolve 'Microsoft.VisualStudio.Validation' in folder 'C:\Hossein\Packages\Test (TDD&BDD)\examples\14-FinalProject\InventoryManagement\tests\Inventory.Tests.E2E\bin\Debug\net5.0\SpecFlowPlusRunner\netcoreapp5.0'
2021-02-17T14:12:58.6435604+03:30:[AssemblyCache] Trying to resolve 'Microsoft.VisualStudio.Validation' in folder 'C:\Program Files\dotnet\shared\Microsoft.AspNetCore.App\5.0.2'
2021-02-17T14:12:58.6435748+03:30:[AssemblyCache] Trying to resolve 'Microsoft.VisualStudio.Validation' to 'C:\Program Files\dotnet\shared\Microsoft.AspNetCore.App\5.0.2\Microsoft.VisualStudio.Validation.dll'
2021-02-17T14:12:58.6436172+03:30:[AssemblyCache] Trying to resolve 'Microsoft.VisualStudio.Validation' to 'C:\Program Files\dotnet\shared\Microsoft.AspNetCore.App\5.0.2\Microsoft.VisualStudio.Validation.exe'
2021-02-17T14:12:58.6436420+03:30:[AssemblyCache] Could not resolve 'Microsoft.VisualStudio.Validation' in folder 'C:\Program Files\dotnet\shared\Microsoft.AspNetCore.App\5.0.2'
2021-02-17T14:12:58.6437474+03:30:[AssemblyCache] Trying to resolve 'Microsoft.VisualStudio.Validation' in folder 'C:\Program Files\dotnet\shared\Microsoft.NETCore.App\5.0.2'
2021-02-17T14:12:58.6437527+03:30:[AssemblyCache] Trying to resolve 'Microsoft.VisualStudio.Validation' to 'C:\Program Files\dotnet\shared\Microsoft.NETCore.App\5.0.2\Microsoft.VisualStudio.Validation.dll'
2021-02-17T14:12:58.6437842+03:30:[AssemblyCache] Trying to resolve 'Microsoft.VisualStudio.Validation' to 'C:\Program Files\dotnet\shared\Microsoft.NETCore.App\5.0.2\Microsoft.VisualStudio.Validation.exe'
2021-02-17T14:12:58.6438068+03:30:[AssemblyCache] Could not resolve 'Microsoft.VisualStudio.Validation' in folder 'C:\Program Files\dotnet\shared\Microsoft.NETCore.App\5.0.2'
2021-02-17T14:12:58.6440321+03:30:[AssemblyCache] Trying to resolve 'Microsoft.VisualStudio.Validation' in folder 'C:\Program Files\dotnet\shared\Microsoft.WindowsDesktop.App\5.0.2'
2021-02-17T14:12:58.6440464+03:30:[AssemblyCache] Trying to resolve 'Microsoft.VisualStudio.Validation' to 'C:\Program Files\dotnet\shared\Microsoft.WindowsDesktop.App\5.0.2\Microsoft.VisualStudio.Validation.dll'
2021-02-17T14:12:58.6440910+03:30:[AssemblyCache] Trying to resolve 'Microsoft.VisualStudio.Validation' to 'C:\Program Files\dotnet\shared\Microsoft.WindowsDesktop.App\5.0.2\Microsoft.VisualStudio.Validation.exe'
2021-02-17T14:12:58.6441217+03:30:[AssemblyCache] Could not resolve 'Microsoft.VisualStudio.Validation' in folder 'C:\Program Files\dotnet\shared\Microsoft.WindowsDesktop.App\5.0.2'
2021-02-17T14:12:58.6553042+03:30:Starting callback TCP Rpc server
2021-02-17T14:12:58.6905988+03:30:Asynchronously starting background TCP Rpc Server on port 32768
2021-02-17T14:12:58.6906795+03:30:Started callback TCP Rpc server on port 32768
2021-02-17T14:12:58.6906820+03:30:Starting logger TCP Rpc server
2021-02-17T14:12:58.6925747+03:30:Asynchronously starting background TCP Rpc Server on port 32770
2021-02-17T14:12:58.6926188+03:30:Started logger TCP Rpc server on port 32770
2021-02-17T14:12:58.7962913+03:30;Thread#15;Info;Executor full path resolved: C:\Program Files\dotnet\dotnet.exe
2021-02-17T14:12:58.7986066+03:30;Thread#15;Info;Starting SpecFlow+ Runner executor process with attached debugger...
2021-02-17T14:12:58.8695888+03:30;Thread#15;Info;Successfully started SpecFlow+ Runner executor process
2021-02-17T14:12:58.8729241+03:30:Out of Process Executor 15992 started
2021-02-17T14:12:58.8729399+03:30:Waiting for endpoint
2021-02-17T14:12:59.3851288+03:30:Assembly resolving Microsoft.VisualStudio.Threading, Version=15.3.0.0, Culture=neutral, PublicKeyToken=b03f5f7f11d50a3a
2021-02-17T14:12:59.3851546+03:30:[AssemblyCache] Trying to resolve 'Microsoft.VisualStudio.Threading' from .deps.json file
2021-02-17T14:12:59.3851617+03:30:[AssemblyCache] Could not resolve 'Microsoft.VisualStudio.Threading' from .deps.json
2021-02-17T14:12:59.3851723+03:30:[AssemblyCache] Trying to resolve 'Microsoft.VisualStudio.Threading' in folder 'C:\Hossein\Packages\Test (TDD&BDD)\examples\14-FinalProject\InventoryManagement\tests\Inventory.Tests.E2E\bin\Debug\net5.0'
2021-02-17T14:12:59.3851744+03:30:[AssemblyCache] Trying to resolve 'Microsoft.VisualStudio.Threading' to 'C:\Hossein\Packages\Test (TDD&BDD)\examples\14-FinalProject\InventoryManagement\tests\Inventory.Tests.E2E\bin\Debug\net5.0\Microsoft.VisualStudio.Threading.dll'
2021-02-17T14:12:59.3852263+03:30:[AssemblyCache] Trying to resolve 'Microsoft.VisualStudio.Threading' to 'C:\Hossein\Packages\Test (TDD&BDD)\examples\14-FinalProject\InventoryManagement\tests\Inventory.Tests.E2E\bin\Debug\net5.0\Microsoft.VisualStudio.Threading.exe'
2021-02-17T14:12:59.3852545+03:30:[AssemblyCache] Could not resolve 'Microsoft.VisualStudio.Threading' in folder 'C:\Hossein\Packages\Test (TDD&BDD)\examples\14-FinalProject\InventoryManagement\tests\Inventory.Tests.E2E\bin\Debug\net5.0'
2021-02-17T14:12:59.3852631+03:30:TargetFramework: .NETCoreApp,Version=v5.0
2021-02-17T14:12:59.3852873+03:30:Tfm: netcoreapp5.0
2021-02-17T14:12:59.3852911+03:30:[AssemblyCache] Trying to resolve 'Microsoft.VisualStudio.Threading' in folder 'C:\Hossein\Packages\Test (TDD&BDD)\examples\14-FinalProject\InventoryManagement\tests\Inventory.Tests.E2E\bin\Debug\net5.0\SpecFlowPlusRunner\netcoreapp5.0'
2021-02-17T14:12:59.3852929+03:30:[AssemblyCache] Trying to resolve 'Microsoft.VisualStudio.Threading' to 'C:\Hossein\Packages\Test (TDD&BDD)\examples\14-FinalProject\InventoryManagement\tests\Inventory.Tests.E2E\bin\Debug\net5.0\SpecFlowPlusRunner\netcoreapp5.0\Microsoft.VisualStudio.Threading.dll'
2021-02-17T14:12:59.3853413+03:30:[AssemblyCache] Trying to resolve 'Microsoft.VisualStudio.Threading' to 'C:\Hossein\Packages\Test (TDD&BDD)\examples\14-FinalProject\InventoryManagement\tests\Inventory.Tests.E2E\bin\Debug\net5.0\SpecFlowPlusRunner\netcoreapp5.0\Microsoft.VisualStudio.Threading.exe'
2021-02-17T14:12:59.3853706+03:30:[AssemblyCache] Could not resolve 'Microsoft.VisualStudio.Threading' in folder 'C:\Hossein\Packages\Test (TDD&BDD)\examples\14-FinalProject\InventoryManagement\tests\Inventory.Tests.E2E\bin\Debug\net5.0\SpecFlowPlusRunner\netcoreapp5.0'
2021-02-17T14:12:59.3859037+03:30:[AssemblyCache] Trying to resolve 'Microsoft.VisualStudio.Threading' in folder 'C:\Program Files\dotnet\shared\Microsoft.AspNetCore.App\5.0.2'
2021-02-17T14:12:59.3859113+03:30:[AssemblyCache] Trying to resolve 'Microsoft.VisualStudio.Threading' to 'C:\Program Files\dotnet\shared\Microsoft.AspNetCore.App\5.0.2\Microsoft.VisualStudio.Threading.dll'
2021-02-17T14:12:59.3859478+03:30:[AssemblyCache] Trying to resolve 'Microsoft.VisualStudio.Threading' to 'C:\Program Files\dotnet\shared\Microsoft.AspNetCore.App\5.0.2\Microsoft.VisualStudio.Threading.exe'
2021-02-17T14:12:59.3859705+03:30:[AssemblyCache] Could not resolve 'Microsoft.VisualStudio.Threading' in folder 'C:\Program Files\dotnet\shared\Microsoft.AspNetCore.App\5.0.2'
2021-02-17T14:12:59.3860523+03:30:[AssemblyCache] Trying to resolve 'Microsoft.VisualStudio.Threading' in folder 'C:\Program Files\dotnet\shared\Microsoft.NETCore.App\5.0.2'
2021-02-17T14:12:59.3860553+03:30:[AssemblyCache] Trying to resolve 'Microsoft.VisualStudio.Threading' to 'C:\Program Files\dotnet\shared\Microsoft.NETCore.App\5.0.2\Microsoft.VisualStudio.Threading.dll'
2021-02-17T14:12:59.3860847+03:30:[AssemblyCache] Trying to resolve 'Microsoft.VisualStudio.Threading' to 'C:\Program Files\dotnet\shared\Microsoft.NETCore.App\5.0.2\Microsoft.VisualStudio.Threading.exe'
2021-02-17T14:12:59.3861055+03:30:[AssemblyCache] Could not resolve 'Microsoft.VisualStudio.Threading' in folder 'C:\Program Files\dotnet\shared\Microsoft.NETCore.App\5.0.2'
2021-02-17T14:12:59.3861998+03:30:[AssemblyCache] Trying to resolve 'Microsoft.VisualStudio.Threading' in folder 'C:\Program Files\dotnet\shared\Microsoft.WindowsDesktop.App\5.0.2'
2021-02-17T14:12:59.3862042+03:30:[AssemblyCache] Trying to resolve 'Microsoft.VisualStudio.Threading' to 'C:\Program Files\dotnet\shared\Microsoft.WindowsDesktop.App\5.0.2\Microsoft.VisualStudio.Threading.dll'
2021-02-17T14:12:59.3862431+03:30:[AssemblyCache] Trying to resolve 'Microsoft.VisualStudio.Threading' to 'C:\Program Files\dotnet\shared\Microsoft.WindowsDesktop.App\5.0.2\Microsoft.VisualStudio.Threading.exe'
2021-02-17T14:12:59.3862652+03:30:[AssemblyCache] Could not resolve 'Microsoft.VisualStudio.Threading' in folder 'C:\Program Files\dotnet\shared\Microsoft.WindowsDesktop.App\5.0.2'
2021-02-17T14:12:59.6936287+03:30:Remote executor port received: 32771
2021-02-17T14:12:59.6938928+03:30:Creating executor TCP client on port 32771
2021-02-17T14:12:59.6942288+03:30:Created executor TCP client on port 32771
2021-02-17T14:12:59.6942344+03:30:Connecting to remote executor TCP server
2021-02-17T14:12:59.6949616+03:30:Connected remote executor TCP server
2021-02-17T14:12:59.6957536+03:30:trying to connect to Out of Process Executor the 1 attempt
2021-02-17T14:12:59.6957588+03:30:Connection to Out of Process Executor established in the 1 attempt
2021-02-17T14:12:59.8546123+03:30:2021-02-17T14:12:59.8532182+03:30:OutOfProcessTestAssemblyExecutor: initialized for C:\Hossein\Packages\Test (TDD&BDD)\examples\14-FinalProject\InventoryManagement\tests\Inventory.Tests.E2E\bin\Debug\net5.0\Inventory.Tests.E2E.dll on test thread #0
2021-02-17T14:12:59.8592430+03:30:Endpoint 15992 started
2021-02-17T14:12:59.8737036+03:30:2021-02-17T14:12:59.8726933+03:30:OutOfProcessTestAssemblyExecutor: running tests...
2021-02-17T14:12:59.9777347+03:30:2021-02-17T14:12:59.9770212+03:30:Assembly resolving TechTalk.SpecFlow, Version=3.6.0.0, Culture=neutral, PublicKeyToken=0778194805d6db41
2021-02-17T14:12:59.9808763+03:30:2021-02-17T14:12:59.9803318+03:30:[AssemblyCache] Trying to resolve 'TechTalk.SpecFlow' from .deps.json file
2021-02-17T14:12:59.9842792+03:30:2021-02-17T14:12:59.9834964+03:30:[AssemblyCache] Resolved 'TechTalk.SpecFlow' to 'C:\Users\Atria\.nuget\packages\specflow\3.6.23\lib\netstandard2.0\TechTalk.SpecFlow.dll'
2021-02-17T14:13:00.0960146+03:30:2021-02-17T14:13:00.0950661+03:30:Thread#0:T:-> Loading plugin C:\Hossein\Packages\Test (TDD&BDD)\examples\14-FinalProject\InventoryManagement\tests\Inventory.Tests.E2E\bin\Debug\net5.0\Inventory.Tests.E2E.dll
2021-02-17T14:13:00.1047046+03:30:2021-02-17T14:13:00.1042401+03:30:Thread#0:T:-> Missing [assembly:RuntimePlugin] attribute in Inventory.Tests.E2E, Version=1.0.0.0, Culture=neutral, PublicKeyToken=null. Please check https://go.specflow.org/doc-plugins for details.
2021-02-17T14:13:00.1059413+03:30:2021-02-17T14:13:00.1054305+03:30:Thread#0:T:-> Loading plugin C:\Hossein\Packages\Test (TDD&BDD)\examples\14-FinalProject\InventoryManagement\tests\Inventory.Tests.E2E\bin\Debug\net5.0\LivingDoc.SpecFlowPlugin.dll
2021-02-17T14:13:00.1131954+03:30:2021-02-17T14:13:00.1124398+03:30:Assembly resolving TechTalk.SpecFlow, Version=3.6.0.0, Culture=neutral, PublicKeyToken=0778194805d6db41
2021-02-17T14:13:00.1159667+03:30:2021-02-17T14:13:00.1154132+03:30:Assembly resolving LivingDoc.Dtos, Version=3.6.0.0, Culture=neutral, PublicKeyToken=null
2021-02-17T14:13:00.1170399+03:30:2021-02-17T14:13:00.1163927+03:30:[AssemblyCache] Trying to resolve 'LivingDoc.Dtos' from .deps.json file
2021-02-17T14:13:00.1179046+03:30:2021-02-17T14:13:00.1175978+03:30:[AssemblyCache] Resolved 'LivingDoc.Dtos' to 'C:\Users\Atria\.nuget\packages\specflow.plus.livingdocplugin\3.6.6\lib\netstandard2.0\LivingDoc.Dtos.dll'
2021-02-17T14:13:00.1267864+03:30:2021-02-17T14:13:00.1261452+03:30:Thread#0:T:-> Loading plugin C:\Hossein\Packages\Test (TDD&BDD)\examples\14-FinalProject\InventoryManagement\tests\Inventory.Tests.E2E\bin\Debug\net5.0\SpecRun.Runtime.SpecFlowPlugin.dll
2021-02-17T14:13:00.1344320+03:30:2021-02-17T14:13:00.1338304+03:30:Assembly resolving TechTalk.SpecFlow, Version=3.6.0.0, Culture=neutral, PublicKeyToken=0778194805d6db41
2021-02-17T14:13:00.1411150+03:30:2021-02-17T14:13:00.1405610+03:30:Thread#0:T:-> Using default config
2021-02-17T14:13:00.1500062+03:30:2021-02-17T14:13:00.1494468+03:30:Assembly resolving Cucumber.Messages, Version=6.0.1.0, Culture=neutral, PublicKeyToken=b10c5988214f940c
2021-02-17T14:13:00.1512888+03:30:2021-02-17T14:13:00.1506702+03:30:[AssemblyCache] Trying to resolve 'Cucumber.Messages' from .deps.json file
2021-02-17T14:13:00.1525187+03:30:2021-02-17T14:13:00.1519888+03:30:[AssemblyCache] Resolved 'Cucumber.Messages' to 'C:\Users\Atria\.nuget\packages\cucumber.messages\6.0.1\lib\netstandard2.0\Cucumber.Messages.dll'
2021-02-17T14:13:00.1599599+03:30:2021-02-17T14:13:00.1593780+03:30:Assembly resolving Google.Protobuf, Version=3.7.0.0, Culture=neutral, PublicKeyToken=a7d26565bac4d604
2021-02-17T14:13:00.1610975+03:30:2021-02-17T14:13:00.1606859+03:30:[AssemblyCache] Trying to resolve 'Google.Protobuf' from .deps.json file
2021-02-17T14:13:00.1622905+03:30:2021-02-17T14:13:00.1618910+03:30:[AssemblyCache] Resolved 'Google.Protobuf' to 'C:\Users\Atria\.nuget\packages\google.protobuf\3.7.0\lib\netstandard1.0\Google.Protobuf.dll'
2021-02-17T14:13:00.1991065+03:30:2021-02-17T14:13:00.1986142+03:30:Assembly resolving Microsoft.VisualStudio.TestPlatform.ObjectModel, Version=15.0.0.0, Culture=neutral, PublicKeyToken=b03f5f7f11d50a3a
2021-02-17T14:13:00.2003651+03:30:2021-02-17T14:13:00.1998690+03:30:[AssemblyCache] Trying to resolve 'Microsoft.VisualStudio.TestPlatform.ObjectModel' from .deps.json file
2021-02-17T14:13:00.2016427+03:30:2021-02-17T14:13:00.2012012+03:30:[AssemblyCache] Resolved 'Microsoft.VisualStudio.TestPlatform.ObjectModel' to 'C:\Users\Atria\.nuget\packages\microsoft.testplatform.objectmodel\16.5.0\lib\netstandard2.0\Microsoft.VisualStudio.TestPlatform.ObjectModel.dll'
2021-02-17T14:13:00.2717741+03:30:2021-02-17T14:13:00.2712420+03:30:Thread#0:T:-> error: The binding methods for before/after feature and before/after test run events must be static! Inventory.Tests.E2E:Inventory.Tests.E2E.Hooks.Hooks1.BeforeScenario() (0.0s)
2021-02-17T14:13:00.3948680+03:30:2021-02-17T14:13:00.3942504+03:30:OutOfProcessTestAssemblyExecutor: RunTest error: TechTalk.SpecFlow.BindingException: The binding methods for before/after feature and before/after test run events must be static! Inventory.Tests.E2E:Inventory.Tests.E2E.Hooks.Hooks1.BeforeScenario()
   at TechTalk.SpecFlow.ErrorHandling.ErrorProvider.GetNonStaticEventError(IBindingMethod method) in D:\a\1\s\TechTalk.SpecFlow\ErrorHandling\ErrorProvider.cs:line 128
   at TechTalk.SpecFlow.Bindings.Discovery.RuntimeBindingSourceProcessor.ValidateHook(BindingSourceMethod bindingSourceMethod, BindingSourceAttribute hookAttribute, HookType hookType) in D:\a\1\s\TechTalk.SpecFlow\Bindings\Discovery\RuntimeBindingSourceProcessor.cs:line 54
   at TechTalk.SpecFlow.Bindings.Discovery.BindingSourceProcessor.ProcessHookAttribute(BindingSourceMethod bindingSourceMethod, BindingSourceAttribute hookAttribute, BindingScope scope) in D:\a\1\s\TechTalk.SpecFlow\Bindings\Discovery\BindingSourceProcessor.cs:line 168
   at TechTalk.SpecFlow.Bindings.Discovery.BindingSourceProcessor.<>c__DisplayClass21_0.<ProcessHookAttribute>b__1(BindingScope scope) in D:\a\1\s\TechTalk.SpecFlow\Bindings\Discovery\BindingSourceProcessor.cs:line 149
   at TechTalk.SpecFlow.Bindings.Discovery.BindingSourceProcessor.ProcessHookAttribute(BindingSourceMethod bindingSourceMethod, BindingScope[] methodScopes, BindingSourceAttribute hookAttribute) in D:\a\1\s\TechTalk.SpecFlow\Bindings\Discovery\BindingSourceProcessor.cs:line 149
   at TechTalk.SpecFlow.Bindings.Discovery.BindingSourceProcessor.ProcessHooks(BindingSourceMethod bindingSourceMethod, BindingScope[] methodScopes) in D:\a\1\s\TechTalk.SpecFlow\Bindings\Discovery\BindingSourceProcessor.cs:line 123
   at TechTalk.SpecFlow.Bindings.Discovery.BindingSourceProcessor.ProcessMethod(BindingSourceMethod bindingSourceMethod) in D:\a\1\s\TechTalk.SpecFlow\Bindings\Discovery\BindingSourceProcessor.cs:line 107
   at TechTalk.SpecFlow.Bindings.Discovery.RuntimeBindingRegistryBuilder.BuildBindingsFromType(Type type) in D:\a\1\s\TechTalk.SpecFlow\Bindings\Discovery\RuntimeBindingRegistryBuilder.cs:line 49
   at TechTalk.SpecFlow.Bindings.Discovery.RuntimeBindingRegistryBuilder.BuildBindingsFromAssembly(Assembly assembly) in D:\a\1\s\TechTalk.SpecFlow\Bindings\Discovery\RuntimeBindingRegistryBuilder.cs:line 25
   at TechTalk.SpecFlow.TestRunnerManager.BuildBindingRegistry(IEnumerable`1 bindingAssemblies) in D:\a\1\s\TechTalk.SpecFlow\TestRunnerManager.cs:line 94
   at TechTalk.SpecFlow.TestRunnerManager.InitializeBindingRegistry(ITestRunner testRunner) in D:\a\1\s\TechTalk.SpecFlow\TestRunnerManager.cs:line 73
   at TechTalk.SpecFlow.TestRunnerManager.CreateTestRunner(Int32 threadId) in D:\a\1\s\TechTalk.SpecFlow\TestRunnerManager.cs:line 62
   at TechTalk.SpecFlow.TestRunnerManager.GetTestRunnerWithoutExceptionHandling(Int32 threadId) in D:\a\1\s\TechTalk.SpecFlow\TestRunnerManager.cs:line 155
   at TechTalk.SpecFlow.TestRunnerManager.GetTestRunner(Int32 threadId) in D:\a\1\s\TechTalk.SpecFlow\TestRunnerManager.cs:line 136
   at TechTalk.SpecFlow.TestRunnerManager.OnTestRunStart(Assembly testAssembly, IContainerBuilder containerBuilder) in D:\a\1\s\TechTalk.SpecFlow\TestRunnerManager.cs:line 232
   at Inventory_Tests_E2E_SpecFlowPlusRunnerAssemblyHooks.AssemblyInitialize() in C:\Hossein\Packages\Test (TDD&BDD)\examples\14-FinalProject\InventoryManagement\tests\Inventory.Tests.E2E\obj\Debug\net5.0\SpecFlow.Plus.Runner.AssemblyHooks.cs:line 12
   at TechTalk.SpecRun.Framework.TaskExecutors.StaticOrInstanceMethodExecutor.ExecuteInternal(ITestThreadExecutionContext testThreadExecutionContext)
   at TechTalk.SpecRun.Framework.TaskExecutors.StaticOrInstanceMethodExecutor.Execute(ITestThreadExecutionContext testThreadExecutionContext)
   at TechTalk.SpecRun.Framework.TestAssemblyExecutor.RunAssemblyInitializeExecutors(ITestAssemblyExecutorsProvider testAssemblyExecutorsProvider, ITestThreadExecutionContext testThreadExecutionContext)
   at TechTalk.SpecRun.Framework.TestAssemblyExecutor.RunTests(ITestAssemblyExecutorState executorState, ITestAssemblyExecutorsProvider testAssemblyExecutorsProvider, ITestThreadExecutionContext testThreadExecutionContext)
   at TechTalk.SpecRun.Framework.TestAssemblyExecutor.RunTests(TestThreadState testThreadState)
   at TechTalk.SpecRun.Framework.Execution.InProcess.InProcAppDomainTestAssemblyExecutor.RunTests(TestThreadState testThreadState)
   at TechTalk.SpecRun.Framework.Execution.OutOfProcess.OutOfProcessTestAssemblyExecutor.RunTests(TestThreadState testThreadState)
2021-02-17T14:13:00.4156753+03:30:2021-02-17T14:13:00.4147164+03:30:OutOfProcessTestAssemblyExecutorReceiver - Error at RunTests - TechTalk.SpecFlow.BindingException: The binding methods for before/after feature and before/after test run events must be static! Inventory.Tests.E2E:Inventory.Tests.E2E.Hooks.Hooks1.BeforeScenario()
   at TechTalk.SpecFlow.ErrorHandling.ErrorProvider.GetNonStaticEventError(IBindingMethod method) in D:\a\1\s\TechTalk.SpecFlow\ErrorHandling\ErrorProvider.cs:line 128
   at TechTalk.SpecFlow.Bindings.Discovery.RuntimeBindingSourceProcessor.ValidateHook(BindingSourceMethod bindingSourceMethod, BindingSourceAttribute hookAttribute, HookType hookType) in D:\a\1\s\TechTalk.SpecFlow\Bindings\Discovery\RuntimeBindingSourceProcessor.cs:line 54
   at TechTalk.SpecFlow.Bindings.Discovery.BindingSourceProcessor.ProcessHookAttribute(BindingSourceMethod bindingSourceMethod, BindingSourceAttribute hookAttribute, BindingScope scope) in D:\a\1\s\TechTalk.SpecFlow\Bindings\Discovery\BindingSourceProcessor.cs:line 168
   at TechTalk.SpecFlow.Bindings.Discovery.BindingSourceProcessor.<>c__DisplayClass21_0.<ProcessHookAttribute>b__1(BindingScope scope) in D:\a\1\s\TechTalk.SpecFlow\Bindings\Discovery\BindingSourceProcessor.cs:line 149
   at TechTalk.SpecFlow.Bindings.Discovery.BindingSourceProcessor.ProcessHookAttribute(BindingSourceMethod bindingSourceMethod, BindingScope[] methodScopes, BindingSourceAttribute hookAttribute) in D:\a\1\s\TechTalk.SpecFlow\Bindings\Discovery\BindingSourceProcessor.cs:line 149
   at TechTalk.SpecFlow.Bindings.Discovery.BindingSourceProcessor.ProcessHooks(BindingSourceMethod bindingSourceMethod, BindingScope[] methodScopes) in D:\a\1\s\TechTalk.SpecFlow\Bindings\Discovery\BindingSourceProcessor.cs:line 123
   at TechTalk.SpecFlow.Bindings.Discovery.BindingSourceProcessor.ProcessMethod(BindingSourceMethod bindingSourceMethod) in D:\a\1\s\TechTalk.SpecFlow\Bindings\Discovery\BindingSourceProcessor.cs:line 107
   at TechTalk.SpecFlow.Bindings.Discovery.RuntimeBindingRegistryBuilder.BuildBindingsFromType(Type type) in D:\a\1\s\TechTalk.SpecFlow\Bindings\Discovery\RuntimeBindingRegistryBuilder.cs:line 49
   at TechTalk.SpecFlow.Bindings.Discovery.RuntimeBindingRegistryBuilder.BuildBindingsFromAssembly(Assembly assembly) in D:\a\1\s\TechTalk.SpecFlow\Bindings\Discovery\RuntimeBindingRegistryBuilder.cs:line 25
   at TechTalk.SpecFlow.TestRunnerManager.BuildBindingRegistry(IEnumerable`1 bindingAssemblies) in D:\a\1\s\TechTalk.SpecFlow\TestRunnerManager.cs:line 94
   at TechTalk.SpecFlow.TestRunnerManager.InitializeBindingRegistry(ITestRunner testRunner) in D:\a\1\s\TechTalk.SpecFlow\TestRunnerManager.cs:line 73
   at TechTalk.SpecFlow.TestRunnerManager.CreateTestRunner(Int32 threadId) in D:\a\1\s\TechTalk.SpecFlow\TestRunnerManager.cs:line 62
   at TechTalk.SpecFlow.TestRunnerManager.GetTestRunnerWithoutExceptionHandling(Int32 threadId) in D:\a\1\s\TechTalk.SpecFlow\TestRunnerManager.cs:line 155
   at TechTalk.SpecFlow.TestRunnerManager.GetTestRunner(Int32 threadId) in D:\a\1\s\TechTalk.SpecFlow\TestRunnerManager.cs:line 136
   at TechTalk.SpecFlow.TestRunnerManager.OnTestRunStart(Assembly testAssembly, IContainerBuilder containerBuilder) in D:\a\1\s\TechTalk.SpecFlow\TestRunnerManager.cs:line 232
   at Inventory_Tests_E2E_SpecFlowPlusRunnerAssemblyHooks.AssemblyInitialize() in C:\Hossein\Packages\Test (TDD&BDD)\examples\14-FinalProject\InventoryManagement\tests\Inventory.Tests.E2E\obj\Debug\net5.0\SpecFlow.Plus.Runner.AssemblyHooks.cs:line 12
   at TechTalk.SpecRun.Framework.TaskExecutors.StaticOrInstanceMethodExecutor.ExecuteInternal(ITestThreadExecutionContext testThreadExecutionContext)
   at TechTalk.SpecRun.Framework.TaskExecutors.StaticOrInstanceMethodExecutor.Execute(ITestThreadExecutionContext testThreadExecutionContext)
   at TechTalk.SpecRun.Framework.TestAssemblyExecutor.RunAssemblyInitializeExecutors(ITestAssemblyExecutorsProvider testAssemblyExecutorsProvider, ITestThreadExecutionContext testThreadExecutionContext)
   at TechTalk.SpecRun.Framework.TestAssemblyExecutor.RunTests(ITestAssemblyExecutorState executorState, ITestAssemblyExecutorsProvider testAssemblyExecutorsProvider, ITestThreadExecutionContext testThreadExecutionContext)
   at TechTalk.SpecRun.Framework.TestAssemblyExecutor.RunTests(TestThreadState testThreadState)
   at TechTalk.SpecRun.Framework.Execution.InProcess.InProcAppDomainTestAssemblyExecutor.RunTests(TestThreadState testThreadState)
   at TechTalk.SpecRun.Framework.Execution.OutOfProcess.OutOfProcessTestAssemblyExecutor.RunTests(TestThreadState testThreadState)
   at TechTalk.SpecRun.Framework.Execution.OutOfProcess.OutOfProcessTestAssemblyExecutorReceiver.RunTests(TestThreadState testThreadState)
2021-02-17T14:13:00.5774472+03:30:test thread #0 error: StreamJsonRpc.RemoteInvocationException: The binding methods for before/after feature and before/after test run events must be static! Inventory.Tests.E2E:Inventory.Tests.E2E.Hooks.Hooks1.BeforeScenario()
   at StreamJsonRpc.JsonRpc.InvokeCoreAsync[TResult](Nullable`1 id, String targetName, IReadOnlyList`1 arguments, CancellationToken cancellationToken, Boolean isParameterObject)
   at TechTalk.SpecFlow.Plus.RPC.TcpRpcClient.Invoke[T](String methodName, Object[] parameters)
   at TechTalk.SpecFlow.Plus.RPC.AsyncHelper.RunSync[TResult](Func`1 func)
   at TechTalk.SpecRun.Framework.Execution.OutOfProc.StreamJsonRPC.OutOfProcessTestAssemblyExecutorClient.RunTests(TestThreadState testThreadState)
   at TechTalk.SpecRun.Framework.Execution.OutOfProc.StreamJsonRPC.RemoteExecutor.RunTests(TestThreadState testThreadState)
   at TechTalk.SpecRun.Framework.Execution.OutOfProc.StreamJsonRPC.OutOfProcessTestAssemblyExecutorHost.RunTests(TestThreadState testThreadState)
   at TechTalk.SpecRun.Framework.TestThread.RunNonEmptyTestSuite(CancellationToken cancellationToken, TestThreadState testThreadState)
   at TechTalk.SpecRun.Framework.TestThread.Run(ITestExecutionManager executionManagerForRun, CancellationToken cancellationToken)
   at TechTalk.SpecRun.Framework.AsyncTestThreadRunner.RunSync(TestExecutionManager executionManager, CancellationToken cancellationToken)
2021-02-17T14:13:00.5783901+03:30:test thread error: TechTalk.SpecRun.Framework.SpecRunException: At least one test thread aborted.
 ---> StreamJsonRpc.RemoteInvocationException: The binding methods for before/after feature and before/after test run events must be static! Inventory.Tests.E2E:Inventory.Tests.E2E.Hooks.Hooks1.BeforeScenario()
   at StreamJsonRpc.JsonRpc.InvokeCoreAsync[TResult](Nullable`1 id, String targetName, IReadOnlyList`1 arguments, CancellationToken cancellationToken, Boolean isParameterObject)
   at TechTalk.SpecFlow.Plus.RPC.TcpRpcClient.Invoke[T](String methodName, Object[] parameters)
   at TechTalk.SpecFlow.Plus.RPC.AsyncHelper.RunSync[TResult](Func`1 func)
   at TechTalk.SpecRun.Framework.Execution.OutOfProc.StreamJsonRPC.OutOfProcessTestAssemblyExecutorClient.RunTests(TestThreadState testThreadState)
   at TechTalk.SpecRun.Framework.Execution.OutOfProc.StreamJsonRPC.RemoteExecutor.RunTests(TestThreadState testThreadState)
   at TechTalk.SpecRun.Framework.Execution.OutOfProc.StreamJsonRPC.OutOfProcessTestAssemblyExecutorHost.RunTests(TestThreadState testThreadState)
   at TechTalk.SpecRun.Framework.TestThread.RunNonEmptyTestSuite(CancellationToken cancellationToken, TestThreadState testThreadState)
   at TechTalk.SpecRun.Framework.TestThread.Run(ITestExecutionManager executionManagerForRun, CancellationToken cancellationToken)
   at TechTalk.SpecRun.Framework.AsyncTestThreadRunner.RunSync(TestExecutionManager executionManager, CancellationToken cancellationToken)
   --- End of inner exception stack trace ---
2021-02-17T14:13:00.5832795+03:30:Thread#-1: Test #4/0 is started on thread #-1
2021-02-17T14:13:00.5847653+03:30:Thread#-1: Test #4/0 is finished on thread #-1 as Skipped within 0.0004975 seconds
2021-02-17T14:13:00.5865416+03:30:Thread#-1:Scheduler: get next test for thread -1
2021-02-17T14:13:00.5865602+03:30:Thread#:Scheduler: at the end of normal test queue
2021-02-17T14:13:00.5865621+03:30:Thread#-1:Scheduler: enumerator for thread is at end
2021-02-17T14:13:00.6114570+03:30;Thread#15;Info;test run finished
2021-02-17T14:13:00.6115588+03:30;Thread#15;Info;publishing test results
2021-02-17T14:13:00.6117145+03:30;Thread#15;Info;Not publishing results.
2021-02-17T14:13:00.6117757+03:30;Thread#15;Info;test results published
2021-02-17T14:13:00.6117969+03:30;Thread#15;Info;generating reports
2021-02-17T14:13:00.8934598+03:30;Thread#15;Error;Newtonsoft.Json.JsonSerializationException thrown during serialization: Newtonsoft.Json.JsonSerializationException: Self referencing loop detected for property 'ManifestModule' with type 'System.Reflection.RuntimeModule'. Path 'Summary.FrameworkErrorException.InnerException.TargetSite.Module.Assembly'.
   at Newtonsoft.Json.Serialization.JsonSerializerInternalWriter.CheckForCircularReference(JsonWriter writer, Object value, JsonProperty property, JsonContract contract, JsonContainerContract containerContract, JsonProperty containerProperty)
   at Newtonsoft.Json.Serialization.JsonSerializerInternalWriter.CalculatePropertyValues(JsonWriter writer, Object value, JsonContainerContract contract, JsonProperty member, JsonProperty property, JsonContract& memberContract, Object& memberValue)
   at Newtonsoft.Json.Serialization.JsonSerializerInternalWriter.SerializeObject(JsonWriter writer, Object value, JsonObjectContract contract, JsonProperty member, JsonContainerContract collectionContract, JsonProperty containerProperty)
   at Newtonsoft.Json.Serialization.JsonSerializerInternalWriter.SerializeObject(JsonWriter writer, Object value, JsonObjectContract contract, JsonProperty member, JsonContainerContract collectionContract, JsonProperty containerProperty)
   at Newtonsoft.Json.Serialization.JsonSerializerInternalWriter.SerializeObject(JsonWriter writer, Object value, JsonObjectContract contract, JsonProperty member, JsonContainerContract collectionContract, JsonProperty containerProperty)
   at Newtonsoft.Json.Serialization.JsonSerializerInternalWriter.SerializeObject(JsonWriter writer, Object value, JsonObjectContract contract, JsonProperty member, JsonContainerContract collectionContract, JsonProperty containerProperty)
   at Newtonsoft.Json.Serialization.JsonSerializerInternalWriter.SerializeObject(JsonWriter writer, Object value, JsonObjectContract contract, JsonProperty member, JsonContainerContract collectionContract, JsonProperty containerProperty)
   at Newtonsoft.Json.Serialization.JsonSerializerInternalWriter.SerializeObject(JsonWriter writer, Object value, JsonObjectContract contract, JsonProperty member, JsonContainerContract collectionContract, JsonProperty containerProperty)
   at Newtonsoft.Json.Serialization.JsonSerializerInternalWriter.SerializeObject(JsonWriter writer, Object value, JsonObjectContract contract, JsonProperty member, JsonContainerContract collectionContract, JsonProperty containerProperty)
   at Newtonsoft.Json.Serialization.JsonSerializerInternalWriter.Serialize(JsonWriter jsonWriter, Object value, Type objectType)
   at Newtonsoft.Json.JsonSerializer.SerializeInternal(JsonWriter jsonWriter, Object value, Type objectType)
   at Newtonsoft.Json.JsonSerializer.Serialize(TextWriter textWriter, Object value)
   at TechTalk.SpecRun.Framework.Services.JsonNetSerializer.Serialize[T](T value, FSharpOption`1 target)
2021-02-17T14:13:00.8937336+03:30;Thread#15;Error;Failed writing reporting data to file "C:\Users\Atria\AppData\Local\Temp\tmp6940.tmp".
2021-02-17T14:13:00.8994480+03:30;Thread#15;Info;Failed generating reports
2021-02-17T14:13:00.9131642+03:30:Total: 1
2021-02-17T14:13:00.9146656+03:30:Succeeded: 0
2021-02-17T14:13:00.9149233+03:30:Ignored: 0
2021-02-17T14:13:00.9151389+03:30:Pending: 0
2021-02-17T14:13:00.9151431+03:30:Skipped: 1
2021-02-17T14:13:00.9153483+03:30:Failed: 0
2021-02-17T14:13:00.9160702+03:30;VSTestExecutionThread;Info;Adding attachments to VSTest
========== End of log file ==========
